{"logTime": "0304/220803", "correlationVector":"KOwwncGin4Qzx02tPMBZ3b","action":"Normal GetUpdate request", "result":"", "context":cV=KOwwncGin4Qzx02tPMBZ3b
Nudged types: Sessions, History
Refresh requested types: Bookmarks, Preferences, Passwords, Autofill Profiles, Autofill, Extensions, Sessions, Extension settings, History Delete Directives, Device Info, User Consents, Send Tab To Self, Web Apps, History, Collection, Edge E Drop, Edge Hub App Usage, Edge Tab Group, Edge Wallet, Encryption Keys}
{"logTime": "0304/220804", "correlationVector":"KOwwncGin4Qzx02tPMBZ3b.1","action":"SyncServerConnectionManagerRequest", "result":"SYNC_SERVER_OK", "context":{"environment":"Prod_eastasia_prod-s01-034-apac-eastasia", "migrationStage":"NotStarted", "server":"akswtt00500002m"}}
{"logTime": "0304/220804", "correlationVector":"KOwwncGin4Qzx02tPMBZ3b.2","action":"ProcessGetUpdates", "result":"Done", "context":{"dataType":"Preferences", "deleted":"0", "process_failed_to_decrypt":"0", "process_pending_decryption":"0", "process_success":"1", "total":"1"}}
{"logTime": "0304/220804", "correlationVector":"KOwwncGin4Qzx02tPMBZ3b.3","action":"ProcessGetUpdates", "result":"Done", "context":{"dataType":"Sessions", "deleted":"1", "process_failed_to_decrypt":"0", "process_pending_decryption":"0", "process_success":"5", "total":"5"}}
{"logTime": "0304/220804", "correlationVector":"KOwwncGin4Qzx02tPMBZ3b.4","action":"ProcessGetUpdates", "result":"Done", "context":{"dataType":"Device Info", "deleted":"0", "process_failed_to_decrypt":"0", "process_pending_decryption":"0", "process_success":"1", "total":"1"}}
{"logTime": "0304/220804", "correlationVector":"KOwwncGin4Qzx02tPMBZ3b.5","action":"ProcessGetUpdates", "result":"Done", "context":{"dataType":"History", "deleted":"0", "process_failed_to_decrypt":"0", "process_pending_decryption":"0", "process_success":"2", "total":"2"}}
{"logTime": "0304/220804", "correlationVector":"KOwwncGin4Qzx02tPMBZ3b.6","action":"ProcessGetUpdates", "result":"Done", "context":{"dataType":"Edge Hub App Usage", "deleted":"1", "process_failed_to_decrypt":"0", "process_pending_decryption":"0", "process_success":"1", "total":"1"}}
{"logTime": "0304/220804", "correlationVector":"KOwwncGin4Qzx02tPMBZ3b.7","action":"GetUpdates Response", "result":"Success", "context":Received 10 update(s). cV=KOwwncGin4Qzx02tPMBZ3b.0;server=akswtt00500002m;cloudType=Consumer;environment=Prod_eastasia_prod-s01-034-apac-eastasia;migrationStage=NotStarted}
{"logTime": "0304/220804", "correlationVector":"PVQgEiRiW0VM4Bjdp6aTmy","action":"Commit Request", "result":"", "context":Item count: 9
Contributing types: Sessions, History}
{"logTime": "0304/220805", "correlationVector":"PVQgEiRiW0VM4Bjdp6aTmy.1","action":"SyncServerConnectionManagerRequest", "result":"SYNC_SERVER_OK", "context":{"environment":"Prod_eastasia_prod-s01-034-apac-eastasia", "migrationStage":"NotStarted", "server":"akswtt00500002c"}}
{"logTime": "0304/220805", "correlationVector":"PVQgEiRiW0VM4Bjdp6aTmy.2","action":"Commit Response", "result":"Success", "context":Result: Success. cV=PVQgEiRiW0VM4Bjdp6aTmy.0;server=akswtt00500002c;cloudType=Consumer;environment=Prod_eastasia_prod-s01-034-apac-eastasia;migrationStage=NotStarted}
{"logTime": "0304/220805", "correlationVector":"PVQgEiRiW0VM4Bjdp6aTmy.3","action":"Commit.Sessions", "result":"Success", "context":{"id":"e1bfcdba-3eb7-4c0d-9d2e-3477673272b5", "isDeleted":"true", "size":"0", "version":"1741070906884"}}
{"logTime": "0304/220805", "correlationVector":"2mlivKczYroYSJterflZoA","action":"Poll GetUpdate request", "result":"", "context":cV=2mlivKczYroYSJterflZoA}
{"logTime": "0304/220806", "correlationVector":"2mlivKczYroYSJterflZoA.1","action":"SyncServerConnectionManagerRequest", "result":"SYNC_SERVER_OK", "context":{"environment":"Prod_eastasia_prod-s01-034-apac-eastasia", "migrationStage":"NotStarted", "server":"akswtt005000023"}}
{"logTime": "0304/220806", "correlationVector":"2mlivKczYroYSJterflZoA.2","action":"ProcessGetUpdates", "result":"Done", "context":{"dataType":"Sessions", "deleted":"1", "process_failed_to_decrypt":"0", "process_pending_decryption":"0", "process_success":"3", "total":"3"}}
{"logTime": "0304/220806", "correlationVector":"2mlivKczYroYSJterflZoA.3","action":"ProcessGetUpdates", "result":"Done", "context":{"dataType":"History", "deleted":"0", "process_failed_to_decrypt":"0", "process_pending_decryption":"0", "process_success":"6", "total":"6"}}
{"logTime": "0304/220806", "correlationVector":"2mlivKczYroYSJterflZoA.4","action":"GetUpdates Response", "result":"Success", "context":Received 9 update(s). cV=2mlivKczYroYSJterflZoA.0;server=akswtt005000023;cloudType=Consumer;environment=Prod_eastasia_prod-s01-034-apac-eastasia;migrationStage=NotStarted}
{"logTime": "0304/220905", "correlationVector":"X0ZbzBTISollXuZKh6m5R9","action":"Commit Request", "result":"", "context":Item count: 2
Contributing types: Sessions, History}
{"logTime": "0304/220905", "correlationVector":"X0ZbzBTISollXuZKh6m5R9.1","action":"SyncServerConnectionManagerRequest", "result":"SYNC_SERVER_OK", "context":{"environment":"Prod_eastasia_prod-s01-034-apac-eastasia", "migrationStage":"NotStarted", "server":"akswtt00500001d"}}
{"logTime": "0304/220905", "correlationVector":"X0ZbzBTISollXuZKh6m5R9.2","action":"Commit Response", "result":"Success", "context":Result: Success. cV=X0ZbzBTISollXuZKh6m5R9.0;server=akswtt00500001d;cloudType=Consumer;environment=Prod_eastasia_prod-s01-034-apac-eastasia;migrationStage=NotStarted}
{"logTime": "0304/221132", "correlationVector":"ydEdvhAtaFfX3eo0NHnSVJ","action":"Commit Request", "result":"", "context":Item count: 1
Contributing types: History}
{"logTime": "0304/221133", "correlationVector":"ydEdvhAtaFfX3eo0NHnSVJ.1","action":"SyncServerConnectionManagerRequest", "result":"SYNC_SERVER_OK", "context":{"environment":"Prod_eastasia_prod-s01-034-apac-eastasia", "migrationStage":"NotStarted", "server":"akswtt00500003m"}}
{"logTime": "0304/221133", "correlationVector":"ydEdvhAtaFfX3eo0NHnSVJ.2","action":"Commit Response", "result":"Success", "context":Result: Success. cV=ydEdvhAtaFfX3eo0NHnSVJ.0;server=akswtt00500003m;cloudType=Consumer;environment=Prod_eastasia_prod-s01-034-apac-eastasia;migrationStage=NotStarted}
{"logTime": "0304/221253", "correlationVector":"FkGi/OuyVBNB2Qmkhn9nMx","action":"Commit Request", "result":"", "context":Item count: 1
Contributing types: Sessions}
{"logTime": "0304/221254", "correlationVector":"FkGi/OuyVBNB2Qmkhn9nMx.1","action":"SyncServerConnectionManagerRequest", "result":"SYNC_SERVER_OK", "context":{"environment":"Prod_eastasia_prod-s01-034-apac-eastasia", "migrationStage":"NotStarted", "server":"akswtt00500000i"}}
{"logTime": "0304/221254", "correlationVector":"FkGi/OuyVBNB2Qmkhn9nMx.2","action":"Commit Response", "result":"Success", "context":Result: Success. cV=FkGi/OuyVBNB2Qmkhn9nMx.0;server=akswtt00500000i;cloudType=Consumer;environment=Prod_eastasia_prod-s01-034-apac-eastasia;migrationStage=NotStarted}
{"logTime": "0304/222130", "correlationVector":"9Y3vfycQEfcaPGEuTnJMUE.1","action":"SyncServerConnectionManagerRequest", "result":"SYNC_SERVER_OK", "context":{"environment":"Prod_eastasia_prod-s01-034-apac-eastasia", "migrationStage":"NotStarted", "server":"akswtt00500001o"}}
{"logTime": "0304/222130", "correlationVector":"9Y3vfycQEfcaPGEuTnJMUE.2","action":"ProcessGetUpdates", "result":"Done", "context":{"dataType":"Encryption Keys", "deleted":"0", "process_failed_to_decrypt":"0", "process_pending_decryption":"0", "process_success":"1", "total":"1"}}
{"logTime": "0304/222136", "correlationVector":"5ZFXRfLamBk4kj99oDj3Su","action":"SyncServerConnectionManagerRequest", "result":"SYNC_SERVER_OK", "context":{"environment":"", "migrationStage":"", "server":""}}
{"logTime": "0304/222136", "correlationVector":"9Y3vfycQEfcaPGEuTnJMUE","action":"Initial GetUpdates", "result":"", "context":Reason: NEW_CLIENT. cV=9Y3vfycQEfcaPGEuTnJMUE}
{"logTime": "0304/222136", "correlationVector":"9Y3vfycQEfcaPGEuTnJMUE.3","action":"GetUpdates Response", "result":"Success", "context":Received 1 update(s). cV=9Y3vfycQEfcaPGEuTnJMUE.0;server=akswtt00500001o;cloudType=Consumer;environment=Prod_eastasia_prod-s01-034-apac-eastasia;migrationStage=NotStarted}
{"logTime": "0304/222136", "correlationVector":"7iIBv0sWyato3FjcyWHM+o","action":"Normal GetUpdate request", "result":"", "context":cV=7iIBv0sWyato3FjcyWHM+o
Nudged types: Sessions, Device Info, History
Refresh requested types: Bookmarks, Preferences, Passwords, Autofill Profiles, Autofill, Extensions, Sessions, Extension settings, History Delete Directives, Device Info, User Consents, Send Tab To Self, Web Apps, History, Collection, Edge E Drop, Edge Hub App Usage, Edge Tab Group, Edge Wallet, Encryption Keys}
{"logTime": "0304/222137", "correlationVector":"7iIBv0sWyato3FjcyWHM+o.1","action":"SyncServerConnectionManagerRequest", "result":"SYNC_SERVER_OK", "context":{"environment":"Prod_eastasia_prod-s01-034-apac-eastasia", "migrationStage":"NotStarted", "server":"akswtt00500000t"}}
{"logTime": "0304/222137", "correlationVector":"7iIBv0sWyato3FjcyWHM+o.2","action":"ProcessGetUpdates", "result":"Done", "context":{"dataType":"Sessions", "deleted":"0", "process_failed_to_decrypt":"0", "process_pending_decryption":"0", "process_success":"1", "total":"1"}}
{"logTime": "0304/222137", "correlationVector":"7iIBv0sWyato3FjcyWHM+o.3","action":"ProcessGetUpdates", "result":"Done", "context":{"dataType":"History", "deleted":"0", "process_failed_to_decrypt":"0", "process_pending_decryption":"0", "process_success":"1", "total":"1"}}
{"logTime": "0304/222137", "correlationVector":"7iIBv0sWyato3FjcyWHM+o.4","action":"GetUpdates Response", "result":"Success", "context":Received 2 update(s). cV=7iIBv0sWyato3FjcyWHM+o.0;server=akswtt00500000t;cloudType=Consumer;environment=Prod_eastasia_prod-s01-034-apac-eastasia;migrationStage=NotStarted}
{"logTime": "0304/222137", "correlationVector":"ZZLZbnER11p8k0wd3b+3HY","action":"Commit Request", "result":"", "context":Item count: 6
Contributing types: Sessions, Device Info, History}
{"logTime": "0304/222138", "correlationVector":"ZZLZbnER11p8k0wd3b+3HY.1","action":"SyncServerConnectionManagerRequest", "result":"SYNC_SERVER_OK", "context":{"environment":"Prod_eastasia_prod-s01-034-apac-eastasia", "migrationStage":"NotStarted", "server":"akswtt005000001"}}
{"logTime": "0304/222138", "correlationVector":"ZZLZbnER11p8k0wd3b+3HY.3","action":"Commit.Sessions", "result":"Success", "context":{"id":"bec0a41b-f4d0-4803-a6a9-7432ec5f6fc9", "isDeleted":"true", "size":"0", "version":"1741126379068"}}
{"logTime": "0304/222138", "correlationVector":"ZZLZbnER11p8k0wd3b+3HY.2","action":"Commit Response", "result":"Success", "context":Result: Success. cV=ZZLZbnER11p8k0wd3b+3HY.0;server=akswtt005000001;cloudType=Consumer;environment=Prod_eastasia_prod-s01-034-apac-eastasia;migrationStage=NotStarted}
{"logTime": "0304/222310", "correlationVector":"Rb8+J13MXthJq+bUU/RM1u","action":"Commit Request", "result":"", "context":Item count: 2
Contributing types: Sessions, History}
{"logTime": "0304/222311", "correlationVector":"Rb8+J13MXthJq+bUU/RM1u.1","action":"SyncServerConnectionManagerRequest", "result":"SYNC_SERVER_OK", "context":{"environment":"Prod_eastasia_prod-s01-034-apac-eastasia", "migrationStage":"NotStarted", "server":"akswtt00500000f"}}
{"logTime": "0304/222311", "correlationVector":"Rb8+J13MXthJq+bUU/RM1u.2","action":"Commit Response", "result":"Success", "context":Result: Success. cV=Rb8+J13MXthJq+bUU/RM1u.0;server=akswtt00500000f;cloudType=Consumer;environment=Prod_eastasia_prod-s01-034-apac-eastasia;migrationStage=NotStarted}
{"logTime": "0304/222501", "correlationVector":"h5h4UU/0a9UPXDuNQu9htb","action":"Commit Request", "result":"", "context":Item count: 3
Contributing types: Sessions, History}
{"logTime": "0304/222502", "correlationVector":"h5h4UU/0a9UPXDuNQu9htb.1","action":"SyncServerConnectionManagerRequest", "result":"SYNC_SERVER_OK", "context":{"environment":"Prod_eastasia_prod-s01-034-apac-eastasia", "migrationStage":"NotStarted", "server":"akswtt00500001n"}}
{"logTime": "0304/222502", "correlationVector":"h5h4UU/0a9UPXDuNQu9htb.2","action":"Commit Response", "result":"Success", "context":Result: Success. cV=h5h4UU/0a9UPXDuNQu9htb.0;server=akswtt00500001n;cloudType=Consumer;environment=Prod_eastasia_prod-s01-034-apac-eastasia;migrationStage=NotStarted}
{"logTime": "0317/031154", "correlationVector":"5VEs30SVNd9FOHJO50P/ms.1","action":"SyncServerConnectionManagerRequest", "result":"SYNC_SERVER_OK", "context":{"environment":"Prod_southeastasia_prod-s01-065-apac-southeastasia", "migrationStage":"NotStarted", "server":"akswtt00500003j"}}
{"logTime": "0317/031154", "correlationVector":"5VEs30SVNd9FOHJO50P/ms.2","action":"ProcessGetUpdates", "result":"Done", "context":{"dataType":"Encryption Keys", "deleted":"0", "process_failed_to_decrypt":"0", "process_pending_decryption":"0", "process_success":"1", "total":"1"}}
{"logTime": "0317/031158", "correlationVector":"Bvvntk/RP1wkmrZmMAZBL/","action":"SyncServerConnectionManagerRequest", "result":"SYNC_SERVER_OK", "context":{"environment":"", "migrationStage":"", "server":""}}
{"logTime": "0317/031158", "correlationVector":"Bvvntk/RP1wkmrZmMAZBL/.0","action":"EncryptionKeysFetcher.DownloadKeys:", "result":"Success", "context":Key count: 10, Last key timestamp: 2024-11-01T12:14:28Z}
{"logTime": "0317/031158", "correlationVector":"Bvvntk/RP1wkmrZmMAZBL/.1","action":"EncryptionKeysManager::SetEncryptionKeys:", "result":"Success", "context":Key names[10]:[z+3pT1U2peCLYpc+vaVuZMyjW0FIBU9DTkL3eloEpHtRPuyoU+XGDpU/YC8RJA6GJ02CvGsidtpuMSk0wQxYVQ==][uVdFjK2DdlsEHPKEkjq94HocuILrDeBtY/+zSomkzuDBM1rrF0CxxB0OFp1qvYVFBubH45mkE4e42RjvMhhA/Q==][kEg/hryXoymDjHBfRUb6D+xVDRt6Nu0PoEyc4kIjONADI0pCio2Pd96j/lJioGTPmqn/pKIRb9umwdP0OAcMXA==][WHF+cp24F/FCHWinpdknjoVJfS5XaQd2a7K3yJqMVuLw0+ZT8YoTxeoX7A6zBkEwtSJnA4BG/oR62ftileIE7g==][BxByCebT1Bghultm0Fc5wx7Xoj0rRogbofYAFz6wKaIhWMJtHsHxwNZIHGm3n/2avlbdfmxm7Dxl/08ILHyb4A==][4WIxgahbgr3OonXK8bOUpUhKZ2FKGsSKD9+ShN1+C8oIgh3JjpwhJd0GGwYrAKXslatXWRaKwRmLNLNIaR0Qzw==][gxf6IWvDfBQsEFLXXb3EGADQ+eKjq8OHuuK3R7A7BSXK0B4i41tM5Tz4rwXJJlarxbw2yApdkpexF21AH9htLQ==][j01xZjfY1vgvx+yRUctIuP2fBMmIgrCSkc3Grqg+t+0Q7a35M9o/NfYWX9PpVDmGapY/CErhOqEMgLyUeVK3Rg==][R92aa55OkeU9VW4QB/5KpJ16kpUCl8E096vOfDRq6B+0A/V5m1pUC1tZxPsKw014K9y2bhHDx+c7zI5KP9k8Sw==][QJVUw5QjyXHL06DANImeuo8i+xWPCgowbQWX1eA+iQZOCbWpBufTBKDv9akRtPDe4VYwCdPhVKCbiuJ/z45Wlw==]}
{"logTime": "0317/031158", "correlationVector":"Bvvntk/RP1wkmrZmMAZBL/.2","action":"EncryptionKeysManager::SetEncryptionKeysWithTimestamps:", "result":"Success", "context":Key timestamps[10]:[2020-04-18T08:27:41Z][2020-10-16T11:42:16Z][2021-04-15T07:57:55Z][2021-10-12T13:55:22Z][2022-04-13T01:04:33Z][2022-10-11T02:05:08Z][2023-04-17T00:30:53Z][2023-11-03T08:10:40Z][2024-05-02T01:33:04Z][2024-11-01T12:14:28Z]}
{"logTime": "0317/031158", "correlationVector":"5VEs30SVNd9FOHJO50P/ms","action":"Initial GetUpdates", "result":"", "context":Reason: NEW_CLIENT. cV=5VEs30SVNd9FOHJO50P/ms}
{"logTime": "0317/031158", "correlationVector":"5VEs30SVNd9FOHJO50P/ms.3","action":"GetUpdates Response", "result":"Success", "context":Received 1 update(s). cV=5VEs30SVNd9FOHJO50P/ms.0;server=akswtt00500003j;cloudType=Consumer;environment=Prod_southeastasia_prod-s01-065-apac-southeastasia;migrationStage=NotStarted}
{"logTime": "0317/031158", "correlationVector":"xc7fu2NbS34fKrVE7zubWG","action":"Normal GetUpdate request", "result":"", "context":cV=xc7fu2NbS34fKrVE7zubWG
Nudged types: Sessions, Device Info, History, Edge Hub App Usage
Refresh requested types: Bookmarks, Preferences, Passwords, Autofill Profiles, Autofill, Extensions, Sessions, Extension settings, History Delete Directives, Device Info, User Consents, Send Tab To Self, Web Apps, History, Collection, Edge E Drop, Edge Hub App Usage, Edge Tab Group, Edge Wallet, Encryption Keys}
{"logTime": "0317/031201", "correlationVector":"xc7fu2NbS34fKrVE7zubWG.1","action":"SyncServerConnectionManagerRequest", "result":"SYNC_SERVER_OK", "context":{"environment":"Prod_southeastasia_prod-s01-065-apac-southeastasia", "migrationStage":"NotStarted", "server":"akswtt00500001f"}}
{"logTime": "0317/031201", "correlationVector":"xc7fu2NbS34fKrVE7zubWG.2","action":"ProcessGetUpdates", "result":"Done", "context":{"dataType":"Preferences", "deleted":"0", "process_failed_to_decrypt":"0", "process_pending_decryption":"0", "process_success":"2", "total":"2"}}
{"logTime": "0317/031201", "correlationVector":"xc7fu2NbS34fKrVE7zubWG.3","action":"ProcessGetUpdates", "result":"Done", "context":{"dataType":"Sessions", "deleted":"7", "process_failed_to_decrypt":"0", "process_pending_decryption":"0", "process_success":"11", "total":"11"}}
{"logTime": "0317/031201", "correlationVector":"xc7fu2NbS34fKrVE7zubWG.4","action":"ProcessGetUpdates", "result":"Done", "context":{"dataType":"Device Info", "deleted":"0", "process_failed_to_decrypt":"0", "process_pending_decryption":"0", "process_success":"2", "total":"2"}}
{"logTime": "0317/031201", "correlationVector":"xc7fu2NbS34fKrVE7zubWG.5","action":"ProcessGetUpdates", "result":"Done", "context":{"dataType":"History", "deleted":"0", "process_failed_to_decrypt":"0", "process_pending_decryption":"0", "process_success":"4", "total":"4"}}
{"logTime": "0317/031201", "correlationVector":"xc7fu2NbS34fKrVE7zubWG.6","action":"GetUpdates Response", "result":"Success", "context":Received 19 update(s). cV=xc7fu2NbS34fKrVE7zubWG.0;server=akswtt00500001f;cloudType=Consumer;environment=Prod_southeastasia_prod-s01-065-apac-southeastasia;migrationStage=NotStarted}
{"logTime": "0317/031201", "correlationVector":"ctexvCE9Rq6Ns0Vx/xqv0o","action":"Commit Request", "result":"", "context":Item count: 6
Contributing types: Sessions, Device Info, History, Edge Hub App Usage}
{"logTime": "0317/031203", "correlationVector":"ctexvCE9Rq6Ns0Vx/xqv0o.1","action":"SyncServerConnectionManagerRequest", "result":"SYNC_SERVER_OK", "context":{"environment":"Prod_southeastasia_prod-s01-065-apac-southeastasia", "migrationStage":"NotStarted", "server":"akswtt005000010"}}
{"logTime": "0317/031203", "correlationVector":"ctexvCE9Rq6Ns0Vx/xqv0o.2","action":"Commit Response", "result":"Success", "context":Result: Success. cV=ctexvCE9Rq6Ns0Vx/xqv0o.0;server=akswtt005000010;cloudType=Consumer;environment=Prod_southeastasia_prod-s01-065-apac-southeastasia;migrationStage=NotStarted}
{"logTime": "0317/031203", "correlationVector":"ctexvCE9Rq6Ns0Vx/xqv0o.3","action":"Commit.Sessions", "result":"Success", "context":{"id":"8e338c5f-c068-4c50-b761-9c63b7d387ed", "isDeleted":"true", "size":"0", "version":"1741127107312"}}
{"logTime": "0317/031203", "correlationVector":"ctexvCE9Rq6Ns0Vx/xqv0o.4","action":"Commit.Edge Hub App Usage", "result":"Success", "context":{"id":"db40c078-2fe5-4b14-9d6b-89d63dd6512e", "isDeleted":"true", "size":"0", "version":"1733372105742"}}
{"logTime": "0317/031203", "correlationVector":"O2BYAFNw2+vy6zb6xFXEGL","action":"Poll GetUpdate request", "result":"", "context":cV=O2BYAFNw2+vy6zb6xFXEGL}
{"logTime": "0317/031204", "correlationVector":"O2BYAFNw2+vy6zb6xFXEGL.1","action":"SyncServerConnectionManagerRequest", "result":"SYNC_SERVER_OK", "context":{"environment":"Prod_southeastasia_prod-s01-065-apac-southeastasia", "migrationStage":"NotStarted", "server":"akswtt00500001x"}}
{"logTime": "0317/031204", "correlationVector":"O2BYAFNw2+vy6zb6xFXEGL.2","action":"ProcessGetUpdates", "result":"Done", "context":{"dataType":"Sessions", "deleted":"1", "process_failed_to_decrypt":"0", "process_pending_decryption":"0", "process_success":"3", "total":"3"}}
{"logTime": "0317/031204", "correlationVector":"O2BYAFNw2+vy6zb6xFXEGL.3","action":"ProcessGetUpdates", "result":"Done", "context":{"dataType":"Device Info", "deleted":"0", "process_failed_to_decrypt":"0", "process_pending_decryption":"0", "process_success":"1", "total":"1"}}
{"logTime": "0317/031204", "correlationVector":"O2BYAFNw2+vy6zb6xFXEGL.4","action":"ProcessGetUpdates", "result":"Done", "context":{"dataType":"History", "deleted":"0", "process_failed_to_decrypt":"0", "process_pending_decryption":"0", "process_success":"1", "total":"1"}}
{"logTime": "0317/031204", "correlationVector":"O2BYAFNw2+vy6zb6xFXEGL.5","action":"ProcessGetUpdates", "result":"Done", "context":{"dataType":"Edge Hub App Usage", "deleted":"1", "process_failed_to_decrypt":"0", "process_pending_decryption":"0", "process_success":"1", "total":"1"}}
{"logTime": "0317/031204", "correlationVector":"O2BYAFNw2+vy6zb6xFXEGL.6","action":"GetUpdates Response", "result":"Success", "context":Received 6 update(s). cV=O2BYAFNw2+vy6zb6xFXEGL.0;server=akswtt00500001x;cloudType=Consumer;environment=Prod_southeastasia_prod-s01-065-apac-southeastasia;migrationStage=NotStarted}
{"logTime": "0317/031204", "correlationVector":"edr2eHMk7g+KbeNwSMf5OT","action":"DoCompareDataConsistency requsted types: ", "result":"Bookmarks, Preferences, Passwords, Extensions, Extension settings, History Delete Directives, Send Tab To Self, Web Apps, History, Collection, Edge E Drop, Edge Tab Group, Edge Wallet, Encryption Keys"}
{"logTime": "0317/031204", "correlationVector":"edr2eHMk7g+KbeNwSMf5OT.0","action":"CompareDataConsistency result: ", "result":"Compare result: Encryption Keys is consistent. local entities count is: 1 local entities hash is: 8K4U2lEWu9tgZZWJ8XC1T6+CNo4="}
{"logTime": "0317/031204", "correlationVector":"edr2eHMk7g+KbeNwSMf5OT.1","action":"CompareDataConsistency result: ", "result":"Compare result: Bookmarks is consistent. local entities count is: 1 local entities hash is: nFm1e+db2ea2j9FQtqjlyO018Mc="}
{"logTime": "0317/031204", "correlationVector":"edr2eHMk7g+KbeNwSMf5OT.2","action":"CompareDataConsistency result: ", "result":"Compare result: Preferences is consistent. local entities count is: 100 local entities hash is: BuHLXE59WmxpKE1EUDv4w2Pfiq0="}
{"logTime": "0317/031204", "correlationVector":"edr2eHMk7g+KbeNwSMf5OT.3","action":"CompareDataConsistency result: ", "result":"Compare result: Extensions is consistent. local entities count is: 4 local entities hash is: 6eaPNre24jf3/Sn5XnZrykZhuJg="}
{"logTime": "0317/031204", "correlationVector":"edr2eHMk7g+KbeNwSMf5OT.4","action":"CompareDataConsistency result: ", "result":"Compare result: Extension settings is consistent. local entities count is: 0 local entities hash is: "}
{"logTime": "0317/031204", "correlationVector":"edr2eHMk7g+KbeNwSMf5OT.5","action":"CompareDataConsistency result: ", "result":"Compare result: History Delete Directives is consistent. local entities count is: 0 local entities hash is: "}
{"logTime": "0317/031204", "correlationVector":"edr2eHMk7g+KbeNwSMf5OT.6","action":"CompareDataConsistency result: ", "result":"Server did not send this Send Tab To Self local entities count is: 0 local entities hash is: "}
{"logTime": "0317/031204", "correlationVector":"edr2eHMk7g+KbeNwSMf5OT.7","action":"CompareDataConsistency result: ", "result":"Compare result: Web Apps is consistent. local entities count is: 0 local entities hash is: "}
{"logTime": "0317/031204", "correlationVector":"edr2eHMk7g+KbeNwSMf5OT.8","action":"CompareDataConsistency result: ", "result":"Server did not send this History local entities count is: 0 local entities hash is: "}
{"logTime": "0317/031204", "correlationVector":"edr2eHMk7g+KbeNwSMf5OT.9","action":"CompareDataConsistency result: ", "result":"Compare result: Collection is consistent. local entities count is: 2 local entities hash is: y11gxG6NiCQ/8FNNCD1qRtrSnS0="}
{"logTime": "0317/031204", "correlationVector":"edr2eHMk7g+KbeNwSMf5OT.10","action":"CompareDataConsistency result: ", "result":"Compare result: Edge E Drop is consistent. local entities count is: 0 local entities hash is: "}
{"logTime": "0317/031204", "correlationVector":"edr2eHMk7g+KbeNwSMf5OT.11","action":"CompareDataConsistency result: ", "result":"Compare result: Edge Tab Group is consistent. local entities count is: 0 local entities hash is: "}
{"logTime": "0317/031204", "correlationVector":"edr2eHMk7g+KbeNwSMf5OT.12","action":"CompareDataConsistency result: ", "result":"Compare result: Edge Wallet is consistent. local entities count is: 0 local entities hash is: "}
{"logTime": "0317/031204", "correlationVector":"edr2eHMk7g+KbeNwSMf5OT.13","action":"CompareDataConsistency result: ", "result":"Compare result: Passwords is consistent. local entities count is: 0 local entities hash is: "}
{"logTime": "0317/031206", "correlationVector":"","action":"DIAGNOSTIC_REQUEST|v1/diagnosticData/Diagnostic.SendCheckResult()|SUCCESS", "result":""}
{"logTime": "0317/031213", "correlationVector":"dDSnzsRGTJd9wF6dsPZyh4","action":"Commit Request", "result":"", "context":Item count: 1
Contributing types: Preferences}
{"logTime": "0317/031215", "correlationVector":"dDSnzsRGTJd9wF6dsPZyh4.1","action":"SyncServerConnectionManagerRequest", "result":"SYNC_SERVER_OK", "context":{"environment":"Prod_southeastasia_prod-s01-065-apac-southeastasia", "migrationStage":"NotStarted", "server":"akswtt00500004u"}}
{"logTime": "0317/031215", "correlationVector":"dDSnzsRGTJd9wF6dsPZyh4.2","action":"Commit Response", "result":"Success", "context":Result: Success. cV=dDSnzsRGTJd9wF6dsPZyh4.0;server=akswtt00500004u;cloudType=Consumer;environment=Prod_southeastasia_prod-s01-065-apac-southeastasia;migrationStage=NotStarted}
{"logTime": "0317/031253", "correlationVector":"tqwD1H4GZ8HVFlYWaGkuv3","action":"Commit Request", "result":"", "context":Item count: 1
Contributing types: Device Info}
{"logTime": "0317/031255", "correlationVector":"tqwD1H4GZ8HVFlYWaGkuv3.1","action":"SyncServerConnectionManagerRequest", "result":"SYNC_SERVER_OK", "context":{"environment":"Prod_southeastasia_prod-s01-065-apac-southeastasia", "migrationStage":"NotStarted", "server":"akswtt00500001x"}}
{"logTime": "0317/031255", "correlationVector":"tqwD1H4GZ8HVFlYWaGkuv3.2","action":"Commit Response", "result":"Success", "context":Result: Success. cV=tqwD1H4GZ8HVFlYWaGkuv3.0;server=akswtt00500001x;cloudType=Consumer;environment=Prod_southeastasia_prod-s01-065-apac-southeastasia;migrationStage=NotStarted}
{"logTime": "0317/031432", "correlationVector":"+7cU0C2xom8wKyk328ENxc","action":"Commit Request", "result":"", "context":Item count: 1
Contributing types: Sessions}
{"logTime": "0317/031433", "correlationVector":"+7cU0C2xom8wKyk328ENxc.1","action":"SyncServerConnectionManagerRequest", "result":"SYNC_SERVER_OK", "context":{"environment":"Prod_southeastasia_prod-s01-065-apac-southeastasia", "migrationStage":"NotStarted", "server":"akswtt00500000z"}}
{"logTime": "0317/031433", "correlationVector":"+7cU0C2xom8wKyk328ENxc.2","action":"Commit Response", "result":"Success", "context":Result: Success. cV=+7cU0C2xom8wKyk328ENxc.0;server=akswtt00500000z;cloudType=Consumer;environment=Prod_southeastasia_prod-s01-065-apac-southeastasia;migrationStage=NotStarted}
{"logTime": "0317/031559", "correlationVector":"N2hGmR3aRuyw5e85rweKBN","action":"Commit Request", "result":"", "context":Item count: 2
Contributing types: Sessions, History}
{"logTime": "0317/031600", "correlationVector":"N2hGmR3aRuyw5e85rweKBN.1","action":"SyncServerConnectionManagerRequest", "result":"SYNC_SERVER_OK", "context":{"environment":"Prod_southeastasia_prod-s01-065-apac-southeastasia", "migrationStage":"NotStarted", "server":"akswtt00500000z"}}
{"logTime": "0317/031600", "correlationVector":"N2hGmR3aRuyw5e85rweKBN.2","action":"Commit Response", "result":"Success", "context":Result: Success. cV=N2hGmR3aRuyw5e85rweKBN.0;server=akswtt00500000z;cloudType=Consumer;environment=Prod_southeastasia_prod-s01-065-apac-southeastasia;migrationStage=NotStarted}
{"logTime": "0317/032107", "correlationVector":"yVE7EO4q7TbaN5FSVstvg3.1","action":"SyncServerConnectionManagerRequest", "result":"SYNC_SERVER_OK", "context":{"environment":"Prod_eastasia_prod-s01-034-apac-eastasia", "migrationStage":"NotStarted", "server":"akswtt00500001u"}}
{"logTime": "0317/032107", "correlationVector":"yVE7EO4q7TbaN5FSVstvg3.2","action":"ProcessGetUpdates", "result":"Done", "context":{"dataType":"Encryption Keys", "deleted":"0", "process_failed_to_decrypt":"0", "process_pending_decryption":"0", "process_success":"1", "total":"1"}}
{"logTime": "0317/032110", "correlationVector":"3VqkD5QV7hC5q2DBm0r/Ov","action":"SyncServerConnectionManagerRequest", "result":"SYNC_SERVER_OK", "context":{"environment":"", "migrationStage":"", "server":""}}
{"logTime": "0317/032110", "correlationVector":"3VqkD5QV7hC5q2DBm0r/Ov.0","action":"EncryptionKeysFetcher.DownloadKeys:", "result":"Success", "context":Key count: 10, Last key timestamp: 2024-11-01T12:14:28Z}
{"logTime": "0317/032110", "correlationVector":"3VqkD5QV7hC5q2DBm0r/Ov.1","action":"EncryptionKeysManager::SetEncryptionKeys:", "result":"Success", "context":Key names[10]:[z+3pT1U2peCLYpc+vaVuZMyjW0FIBU9DTkL3eloEpHtRPuyoU+XGDpU/YC8RJA6GJ02CvGsidtpuMSk0wQxYVQ==][uVdFjK2DdlsEHPKEkjq94HocuILrDeBtY/+zSomkzuDBM1rrF0CxxB0OFp1qvYVFBubH45mkE4e42RjvMhhA/Q==][kEg/hryXoymDjHBfRUb6D+xVDRt6Nu0PoEyc4kIjONADI0pCio2Pd96j/lJioGTPmqn/pKIRb9umwdP0OAcMXA==][WHF+cp24F/FCHWinpdknjoVJfS5XaQd2a7K3yJqMVuLw0+ZT8YoTxeoX7A6zBkEwtSJnA4BG/oR62ftileIE7g==][BxByCebT1Bghultm0Fc5wx7Xoj0rRogbofYAFz6wKaIhWMJtHsHxwNZIHGm3n/2avlbdfmxm7Dxl/08ILHyb4A==][4WIxgahbgr3OonXK8bOUpUhKZ2FKGsSKD9+ShN1+C8oIgh3JjpwhJd0GGwYrAKXslatXWRaKwRmLNLNIaR0Qzw==][gxf6IWvDfBQsEFLXXb3EGADQ+eKjq8OHuuK3R7A7BSXK0B4i41tM5Tz4rwXJJlarxbw2yApdkpexF21AH9htLQ==][j01xZjfY1vgvx+yRUctIuP2fBMmIgrCSkc3Grqg+t+0Q7a35M9o/NfYWX9PpVDmGapY/CErhOqEMgLyUeVK3Rg==][R92aa55OkeU9VW4QB/5KpJ16kpUCl8E096vOfDRq6B+0A/V5m1pUC1tZxPsKw014K9y2bhHDx+c7zI5KP9k8Sw==][QJVUw5QjyXHL06DANImeuo8i+xWPCgowbQWX1eA+iQZOCbWpBufTBKDv9akRtPDe4VYwCdPhVKCbiuJ/z45Wlw==]}
{"logTime": "0317/032110", "correlationVector":"3VqkD5QV7hC5q2DBm0r/Ov.2","action":"EncryptionKeysManager::SetEncryptionKeysWithTimestamps:", "result":"Success", "context":Key timestamps[10]:[2020-04-18T08:27:41Z][2020-10-16T11:42:16Z][2021-04-15T07:57:55Z][2021-10-12T13:55:22Z][2022-04-13T01:04:33Z][2022-10-11T02:05:08Z][2023-04-17T00:30:53Z][2023-11-03T08:10:40Z][2024-05-02T01:33:04Z][2024-11-01T12:14:28Z]}
{"logTime": "0317/032110", "correlationVector":"yVE7EO4q7TbaN5FSVstvg3","action":"Initial GetUpdates", "result":"", "context":Reason: NEW_CLIENT. cV=yVE7EO4q7TbaN5FSVstvg3}
{"logTime": "0317/032110", "correlationVector":"yVE7EO4q7TbaN5FSVstvg3.3","action":"GetUpdates Response", "result":"Success", "context":Received 1 update(s). cV=yVE7EO4q7TbaN5FSVstvg3.0;server=akswtt00500001u;cloudType=Consumer;environment=Prod_eastasia_prod-s01-034-apac-eastasia;migrationStage=NotStarted}
{"logTime": "0317/032110", "correlationVector":"xZUF6WuplJct4GJPDcDwTS","action":"Normal GetUpdate request", "result":"", "context":cV=xZUF6WuplJct4GJPDcDwTS
Nudged types: Sessions, Device Info, History
Refresh requested types: Bookmarks, Preferences, Passwords, Autofill Profiles, Autofill, Extensions, Sessions, Extension settings, History Delete Directives, Device Info, User Consents, Send Tab To Self, Web Apps, History, Collection, Edge E Drop, Edge Hub App Usage, Edge Tab Group, Edge Wallet, Encryption Keys}
{"logTime": "0317/032114", "correlationVector":"xZUF6WuplJct4GJPDcDwTS.1","action":"SyncServerConnectionManagerRequest", "result":"SYNC_SERVER_OK", "context":{"environment":"Prod_eastasia_prod-s01-034-apac-eastasia", "migrationStage":"NotStarted", "server":"akswtt00500004b"}}
{"logTime": "0317/032114", "correlationVector":"xZUF6WuplJct4GJPDcDwTS.2","action":"ProcessGetUpdates", "result":"Done", "context":{"dataType":"Preferences", "deleted":"0", "process_failed_to_decrypt":"0", "process_pending_decryption":"0", "process_success":"1", "total":"1"}}
{"logTime": "0317/032114", "correlationVector":"xZUF6WuplJct4GJPDcDwTS.3","action":"ProcessGetUpdates", "result":"Done", "context":{"dataType":"Sessions", "deleted":"0", "process_failed_to_decrypt":"0", "process_pending_decryption":"0", "process_success":"1", "total":"1"}}
{"logTime": "0317/032114", "correlationVector":"xZUF6WuplJct4GJPDcDwTS.4","action":"ProcessGetUpdates", "result":"Done", "context":{"dataType":"Device Info", "deleted":"0", "process_failed_to_decrypt":"0", "process_pending_decryption":"0", "process_success":"1", "total":"1"}}
{"logTime": "0317/032114", "correlationVector":"xZUF6WuplJct4GJPDcDwTS.5","action":"ProcessGetUpdates", "result":"Done", "context":{"dataType":"History", "deleted":"0", "process_failed_to_decrypt":"0", "process_pending_decryption":"0", "process_success":"1", "total":"1"}}
{"logTime": "0317/032114", "correlationVector":"xZUF6WuplJct4GJPDcDwTS.6","action":"GetUpdates Response", "result":"Success", "context":Received 4 update(s). cV=xZUF6WuplJct4GJPDcDwTS.0;server=akswtt00500004b;cloudType=Consumer;environment=Prod_eastasia_prod-s01-034-apac-eastasia;migrationStage=NotStarted}
{"logTime": "0317/032114", "correlationVector":"jjuq33ECyonWwxVYasU8CV","action":"Commit Request", "result":"", "context":Item count: 6
Contributing types: Sessions, Device Info, History}
{"logTime": "0317/032115", "correlationVector":"jjuq33ECyonWwxVYasU8CV.1","action":"SyncServerConnectionManagerRequest", "result":"SYNC_SERVER_OK", "context":{"environment":"Prod_eastasia_prod-s01-034-apac-eastasia", "migrationStage":"NotStarted", "server":"akswtt00500001h"}}
{"logTime": "0317/032115", "correlationVector":"jjuq33ECyonWwxVYasU8CV.2","action":"Commit Response", "result":"Success", "context":Result: Success. cV=jjuq33ECyonWwxVYasU8CV.0;server=akswtt00500001h;cloudType=Consumer;environment=Prod_eastasia_prod-s01-034-apac-eastasia;migrationStage=NotStarted}
{"logTime": "0317/032115", "correlationVector":"jjuq33ECyonWwxVYasU8CV.3","action":"Commit.Sessions", "result":"Success", "context":{"id":"226fd912-1d5c-4076-87b2-f8c874752481", "isDeleted":"true", "size":"0", "version":"1742181359820"}}
{"logTime": "0317/032225", "correlationVector":"C/CEzrXgphY2GxqPaK1qmk","action":"Commit Request", "result":"", "context":Item count: 2
Contributing types: Sessions, History}
{"logTime": "0317/032226", "correlationVector":"C/CEzrXgphY2GxqPaK1qmk.1","action":"SyncServerConnectionManagerRequest", "result":"SYNC_SERVER_OK", "context":{"environment":"Prod_eastasia_prod-s01-034-apac-eastasia", "migrationStage":"NotStarted", "server":"akswtt00500002r"}}
{"logTime": "0317/032226", "correlationVector":"C/CEzrXgphY2GxqPaK1qmk.2","action":"Commit Response", "result":"Success", "context":Result: Success. cV=C/CEzrXgphY2GxqPaK1qmk.0;server=akswtt00500002r;cloudType=Consumer;environment=Prod_eastasia_prod-s01-034-apac-eastasia;migrationStage=NotStarted}
{"logTime": "0317/032717", "correlationVector":"7OfUTeoIDpXfdvaFHRfBEn.1","action":"SyncServerConnectionManagerRequest", "result":"SYNC_SERVER_OK", "context":{"environment":"Prod_southeastasia_prod-s01-065-apac-southeastasia", "migrationStage":"NotStarted", "server":"akswtt005000034"}}
{"logTime": "0317/032717", "correlationVector":"7OfUTeoIDpXfdvaFHRfBEn.2","action":"ProcessGetUpdates", "result":"Done", "context":{"dataType":"Encryption Keys", "deleted":"0", "process_failed_to_decrypt":"0", "process_pending_decryption":"0", "process_success":"1", "total":"1"}}
{"logTime": "0317/032721", "correlationVector":"p4PunqjkSlX5vwFT6b9QDx","action":"SyncServerConnectionManagerRequest", "result":"SYNC_SERVER_OK", "context":{"environment":"", "migrationStage":"", "server":""}}
{"logTime": "0317/032721", "correlationVector":"p4PunqjkSlX5vwFT6b9QDx.0","action":"EncryptionKeysFetcher.DownloadKeys:", "result":"Success", "context":Key count: 10, Last key timestamp: 2024-11-01T12:14:28Z}
{"logTime": "0317/032721", "correlationVector":"p4PunqjkSlX5vwFT6b9QDx.1","action":"EncryptionKeysManager::SetEncryptionKeys:", "result":"Success", "context":Key names[10]:[z+3pT1U2peCLYpc+vaVuZMyjW0FIBU9DTkL3eloEpHtRPuyoU+XGDpU/YC8RJA6GJ02CvGsidtpuMSk0wQxYVQ==][uVdFjK2DdlsEHPKEkjq94HocuILrDeBtY/+zSomkzuDBM1rrF0CxxB0OFp1qvYVFBubH45mkE4e42RjvMhhA/Q==][kEg/hryXoymDjHBfRUb6D+xVDRt6Nu0PoEyc4kIjONADI0pCio2Pd96j/lJioGTPmqn/pKIRb9umwdP0OAcMXA==][WHF+cp24F/FCHWinpdknjoVJfS5XaQd2a7K3yJqMVuLw0+ZT8YoTxeoX7A6zBkEwtSJnA4BG/oR62ftileIE7g==][BxByCebT1Bghultm0Fc5wx7Xoj0rRogbofYAFz6wKaIhWMJtHsHxwNZIHGm3n/2avlbdfmxm7Dxl/08ILHyb4A==][4WIxgahbgr3OonXK8bOUpUhKZ2FKGsSKD9+ShN1+C8oIgh3JjpwhJd0GGwYrAKXslatXWRaKwRmLNLNIaR0Qzw==][gxf6IWvDfBQsEFLXXb3EGADQ+eKjq8OHuuK3R7A7BSXK0B4i41tM5Tz4rwXJJlarxbw2yApdkpexF21AH9htLQ==][j01xZjfY1vgvx+yRUctIuP2fBMmIgrCSkc3Grqg+t+0Q7a35M9o/NfYWX9PpVDmGapY/CErhOqEMgLyUeVK3Rg==][R92aa55OkeU9VW4QB/5KpJ16kpUCl8E096vOfDRq6B+0A/V5m1pUC1tZxPsKw014K9y2bhHDx+c7zI5KP9k8Sw==][QJVUw5QjyXHL06DANImeuo8i+xWPCgowbQWX1eA+iQZOCbWpBufTBKDv9akRtPDe4VYwCdPhVKCbiuJ/z45Wlw==]}
{"logTime": "0317/032721", "correlationVector":"p4PunqjkSlX5vwFT6b9QDx.2","action":"EncryptionKeysManager::SetEncryptionKeysWithTimestamps:", "result":"Success", "context":Key timestamps[10]:[2020-04-18T08:27:41Z][2020-10-16T11:42:16Z][2021-04-15T07:57:55Z][2021-10-12T13:55:22Z][2022-04-13T01:04:33Z][2022-10-11T02:05:08Z][2023-04-17T00:30:53Z][2023-11-03T08:10:40Z][2024-05-02T01:33:04Z][2024-11-01T12:14:28Z]}
{"logTime": "0317/032721", "correlationVector":"7OfUTeoIDpXfdvaFHRfBEn","action":"Initial GetUpdates", "result":"", "context":Reason: NEW_CLIENT. cV=7OfUTeoIDpXfdvaFHRfBEn}
{"logTime": "0317/032721", "correlationVector":"7OfUTeoIDpXfdvaFHRfBEn.3","action":"GetUpdates Response", "result":"Success", "context":Received 1 update(s). cV=7OfUTeoIDpXfdvaFHRfBEn.0;server=akswtt005000034;cloudType=Consumer;environment=Prod_southeastasia_prod-s01-065-apac-southeastasia;migrationStage=NotStarted}
{"logTime": "0317/032721", "correlationVector":"Lu4r04Gab/ACIv6jfZXr+Y","action":"Normal GetUpdate request", "result":"", "context":cV=Lu4r04Gab/ACIv6jfZXr+Y
Nudged types: Sessions, Device Info, History
Refresh requested types: Bookmarks, Preferences, Passwords, Autofill Profiles, Autofill, Extensions, Sessions, Extension settings, History Delete Directives, Device Info, User Consents, Send Tab To Self, Web Apps, History, Collection, Edge E Drop, Edge Hub App Usage, Edge Tab Group, Edge Wallet, Encryption Keys}
{"logTime": "0317/032724", "correlationVector":"Lu4r04Gab/ACIv6jfZXr+Y.1","action":"SyncServerConnectionManagerRequest", "result":"SYNC_SERVER_OK", "context":{"environment":"Prod_southeastasia_prod-s01-065-apac-southeastasia", "migrationStage":"NotStarted", "server":"akswtt00500001f"}}
{"logTime": "0317/032724", "correlationVector":"Lu4r04Gab/ACIv6jfZXr+Y.2","action":"ProcessGetUpdates", "result":"Done", "context":{"dataType":"Sessions", "deleted":"1", "process_failed_to_decrypt":"0", "process_pending_decryption":"0", "process_success":"3", "total":"3"}}
{"logTime": "0317/032724", "correlationVector":"Lu4r04Gab/ACIv6jfZXr+Y.3","action":"ProcessGetUpdates", "result":"Done", "context":{"dataType":"Device Info", "deleted":"0", "process_failed_to_decrypt":"0", "process_pending_decryption":"0", "process_success":"1", "total":"1"}}
{"logTime": "0317/032724", "correlationVector":"Lu4r04Gab/ACIv6jfZXr+Y.4","action":"ProcessGetUpdates", "result":"Done", "context":{"dataType":"History", "deleted":"0", "process_failed_to_decrypt":"0", "process_pending_decryption":"0", "process_success":"2", "total":"2"}}
{"logTime": "0317/032724", "correlationVector":"Lu4r04Gab/ACIv6jfZXr+Y.5","action":"GetUpdates Response", "result":"Success", "context":Received 6 update(s). cV=Lu4r04Gab/ACIv6jfZXr+Y.0;server=akswtt00500001f;cloudType=Consumer;environment=Prod_southeastasia_prod-s01-065-apac-southeastasia;migrationStage=NotStarted}
{"logTime": "0317/032724", "correlationVector":"Gx5Nsnz50wC+4mInZVZkEI","action":"Commit Request", "result":"", "context":Item count: 6
Contributing types: Sessions, Device Info, History}
{"logTime": "0317/032725", "correlationVector":"Gx5Nsnz50wC+4mInZVZkEI.1","action":"SyncServerConnectionManagerRequest", "result":"SYNC_SERVER_OK", "context":{"environment":"Prod_southeastasia_prod-s01-065-apac-southeastasia", "migrationStage":"NotStarted", "server":"akswtt00500004q"}}
{"logTime": "0317/032725", "correlationVector":"Gx5Nsnz50wC+4mInZVZkEI.2","action":"Commit Response", "result":"Success", "context":Result: Success. cV=Gx5Nsnz50wC+4mInZVZkEI.0;server=akswtt00500004q;cloudType=Consumer;environment=Prod_southeastasia_prod-s01-065-apac-southeastasia;migrationStage=NotStarted}
{"logTime": "0317/032725", "correlationVector":"Gx5Nsnz50wC+4mInZVZkEI.3","action":"Commit.Sessions", "result":"Success", "context":{"id":"6af081f9-5a19-4706-bc17-89ed7bedf609", "isDeleted":"true", "size":"0", "version":"1742181745892"}}
{"logTime": "0317/032919", "correlationVector":"E3jCkd+zjWzUYdLDKEr+4K","action":"Commit Request", "result":"", "context":Item count: 2
Contributing types: Sessions, History}
{"logTime": "0317/032923", "correlationVector":"E3jCkd+zjWzUYdLDKEr+4K.1","action":"SyncServerConnectionManagerRequest", "result":"SYNC_SERVER_OK", "context":{"environment":"Prod_southeastasia_prod-s01-065-apac-southeastasia", "migrationStage":"NotStarted", "server":"akswtt00500004r"}}
{"logTime": "0317/032923", "correlationVector":"E3jCkd+zjWzUYdLDKEr+4K.2","action":"Commit Response", "result":"Success", "context":Result: Success. cV=E3jCkd+zjWzUYdLDKEr+4K.0;server=akswtt00500004r;cloudType=Consumer;environment=Prod_southeastasia_prod-s01-065-apac-southeastasia;migrationStage=NotStarted}
{"logTime": "0317/033551", "correlationVector":"s6mM+VLPEoEfza/fWM6eyr.1","action":"SyncServerConnectionManagerRequest", "result":"SYNC_SERVER_OK", "context":{"environment":"Prod_southeastasia_prod-s01-065-apac-southeastasia", "migrationStage":"NotStarted", "server":"akswtt00500002i"}}
{"logTime": "0317/033551", "correlationVector":"s6mM+VLPEoEfza/fWM6eyr.2","action":"ProcessGetUpdates", "result":"Done", "context":{"dataType":"Encryption Keys", "deleted":"0", "process_failed_to_decrypt":"0", "process_pending_decryption":"0", "process_success":"1", "total":"1"}}
{"logTime": "0317/033554", "correlationVector":"r/rkgsreFaeNfHuHbdbYc5","action":"SyncServerConnectionManagerRequest", "result":"SYNC_SERVER_OK", "context":{"environment":"", "migrationStage":"", "server":""}}
{"logTime": "0317/033554", "correlationVector":"r/rkgsreFaeNfHuHbdbYc5.0","action":"EncryptionKeysFetcher.DownloadKeys:", "result":"Success", "context":Key count: 10, Last key timestamp: 2024-11-01T12:14:28Z}
{"logTime": "0317/033554", "correlationVector":"r/rkgsreFaeNfHuHbdbYc5.1","action":"EncryptionKeysManager::SetEncryptionKeys:", "result":"Success", "context":Key names[10]:[z+3pT1U2peCLYpc+vaVuZMyjW0FIBU9DTkL3eloEpHtRPuyoU+XGDpU/YC8RJA6GJ02CvGsidtpuMSk0wQxYVQ==][uVdFjK2DdlsEHPKEkjq94HocuILrDeBtY/+zSomkzuDBM1rrF0CxxB0OFp1qvYVFBubH45mkE4e42RjvMhhA/Q==][kEg/hryXoymDjHBfRUb6D+xVDRt6Nu0PoEyc4kIjONADI0pCio2Pd96j/lJioGTPmqn/pKIRb9umwdP0OAcMXA==][WHF+cp24F/FCHWinpdknjoVJfS5XaQd2a7K3yJqMVuLw0+ZT8YoTxeoX7A6zBkEwtSJnA4BG/oR62ftileIE7g==][BxByCebT1Bghultm0Fc5wx7Xoj0rRogbofYAFz6wKaIhWMJtHsHxwNZIHGm3n/2avlbdfmxm7Dxl/08ILHyb4A==][4WIxgahbgr3OonXK8bOUpUhKZ2FKGsSKD9+ShN1+C8oIgh3JjpwhJd0GGwYrAKXslatXWRaKwRmLNLNIaR0Qzw==][gxf6IWvDfBQsEFLXXb3EGADQ+eKjq8OHuuK3R7A7BSXK0B4i41tM5Tz4rwXJJlarxbw2yApdkpexF21AH9htLQ==][j01xZjfY1vgvx+yRUctIuP2fBMmIgrCSkc3Grqg+t+0Q7a35M9o/NfYWX9PpVDmGapY/CErhOqEMgLyUeVK3Rg==][R92aa55OkeU9VW4QB/5KpJ16kpUCl8E096vOfDRq6B+0A/V5m1pUC1tZxPsKw014K9y2bhHDx+c7zI5KP9k8Sw==][QJVUw5QjyXHL06DANImeuo8i+xWPCgowbQWX1eA+iQZOCbWpBufTBKDv9akRtPDe4VYwCdPhVKCbiuJ/z45Wlw==]}
{"logTime": "0317/033554", "correlationVector":"r/rkgsreFaeNfHuHbdbYc5.2","action":"EncryptionKeysManager::SetEncryptionKeysWithTimestamps:", "result":"Success", "context":Key timestamps[10]:[2020-04-18T08:27:41Z][2020-10-16T11:42:16Z][2021-04-15T07:57:55Z][2021-10-12T13:55:22Z][2022-04-13T01:04:33Z][2022-10-11T02:05:08Z][2023-04-17T00:30:53Z][2023-11-03T08:10:40Z][2024-05-02T01:33:04Z][2024-11-01T12:14:28Z]}
{"logTime": "0317/033554", "correlationVector":"s6mM+VLPEoEfza/fWM6eyr","action":"Initial GetUpdates", "result":"", "context":Reason: NEW_CLIENT. cV=s6mM+VLPEoEfza/fWM6eyr}
{"logTime": "0317/033554", "correlationVector":"s6mM+VLPEoEfza/fWM6eyr.3","action":"GetUpdates Response", "result":"Success", "context":Received 1 update(s). cV=s6mM+VLPEoEfza/fWM6eyr.0;server=akswtt00500002i;cloudType=Consumer;environment=Prod_southeastasia_prod-s01-065-apac-southeastasia;migrationStage=NotStarted}
{"logTime": "0317/033554", "correlationVector":"quwJmIYVANWtql425Cg//y","action":"Normal GetUpdate request", "result":"", "context":cV=quwJmIYVANWtql425Cg//y
Nudged types: Sessions, Device Info, History
Refresh requested types: Bookmarks, Preferences, Passwords, Autofill Profiles, Autofill, Extensions, Sessions, Extension settings, History Delete Directives, Device Info, User Consents, Send Tab To Self, Web Apps, History, Collection, Edge E Drop, Edge Hub App Usage, Edge Tab Group, Edge Wallet, Encryption Keys}
{"logTime": "0317/033555", "correlationVector":"quwJmIYVANWtql425Cg//y.1","action":"SyncServerConnectionManagerRequest", "result":"SYNC_SERVER_OK", "context":{"environment":"Prod_southeastasia_prod-s01-065-apac-southeastasia", "migrationStage":"NotStarted", "server":"akswtt00500000v"}}
{"logTime": "0317/033555", "correlationVector":"quwJmIYVANWtql425Cg//y.2","action":"ProcessGetUpdates", "result":"Done", "context":{"dataType":"Sessions", "deleted":"1", "process_failed_to_decrypt":"0", "process_pending_decryption":"0", "process_success":"3", "total":"3"}}
{"logTime": "0317/033555", "correlationVector":"quwJmIYVANWtql425Cg//y.3","action":"ProcessGetUpdates", "result":"Done", "context":{"dataType":"Device Info", "deleted":"0", "process_failed_to_decrypt":"0", "process_pending_decryption":"0", "process_success":"1", "total":"1"}}
{"logTime": "0317/033555", "correlationVector":"quwJmIYVANWtql425Cg//y.4","action":"ProcessGetUpdates", "result":"Done", "context":{"dataType":"History", "deleted":"0", "process_failed_to_decrypt":"0", "process_pending_decryption":"0", "process_success":"2", "total":"2"}}
{"logTime": "0317/033555", "correlationVector":"quwJmIYVANWtql425Cg//y.5","action":"GetUpdates Response", "result":"Success", "context":Received 6 update(s). cV=quwJmIYVANWtql425Cg//y.0;server=akswtt00500000v;cloudType=Consumer;environment=Prod_southeastasia_prod-s01-065-apac-southeastasia;migrationStage=NotStarted}
{"logTime": "0317/033555", "correlationVector":"/QnrObJLGKjIIFu1X9SerZ","action":"Commit Request", "result":"", "context":Item count: 5
Contributing types: Sessions, Device Info, History}
{"logTime": "0317/033557", "correlationVector":"/QnrObJLGKjIIFu1X9SerZ.1","action":"SyncServerConnectionManagerRequest", "result":"SYNC_SERVER_OK", "context":{"environment":"Prod_southeastasia_prod-s01-065-apac-southeastasia", "migrationStage":"NotStarted", "server":"akswtt00500003j"}}
{"logTime": "0317/033557", "correlationVector":"/QnrObJLGKjIIFu1X9SerZ.2","action":"Commit Response", "result":"Success", "context":Result: Success. cV=/QnrObJLGKjIIFu1X9SerZ.0;server=akswtt00500003j;cloudType=Consumer;environment=Prod_southeastasia_prod-s01-065-apac-southeastasia;migrationStage=NotStarted}
{"logTime": "0317/033557", "correlationVector":"/QnrObJLGKjIIFu1X9SerZ.3","action":"Commit.Sessions", "result":"Success", "context":{"id":"6a240f37-99d5-4192-8c94-581d933a5ca0", "isDeleted":"true", "size":"0", "version":"1742182162527"}}
{"logTime": "0317/033557", "correlationVector":"+03XWVgg0KkcL77z256QJU","action":"Commit Request", "result":"", "context":Item count: 2
Contributing types: Sessions, History}
{"logTime": "0317/033600", "correlationVector":"+03XWVgg0KkcL77z256QJU.1","action":"SyncServerConnectionManagerRequest", "result":"SYNC_SERVER_OK", "context":{"environment":"Prod_southeastasia_prod-s01-065-apac-southeastasia", "migrationStage":"NotStarted", "server":"akswtt00500002i"}}
{"logTime": "0317/033600", "correlationVector":"+03XWVgg0KkcL77z256QJU.2","action":"Commit Response", "result":"Success", "context":Result: Success. cV=+03XWVgg0KkcL77z256QJU.0;server=akswtt00500002i;cloudType=Consumer;environment=Prod_southeastasia_prod-s01-065-apac-southeastasia;migrationStage=NotStarted}
{"logTime": "0317/033716", "correlationVector":"Z75HHu1LNNh8WCR5QYCL+d","action":"Commit Request", "result":"", "context":Item count: 2
Contributing types: Sessions, History}
{"logTime": "0317/033720", "correlationVector":"Z75HHu1LNNh8WCR5QYCL+d.1","action":"SyncServerConnectionManagerRequest", "result":"SYNC_SERVER_OK", "context":{"environment":"Prod_eastasia_prod-s01-034-apac-eastasia", "migrationStage":"NotStarted", "server":"akswtt00500002d"}}
{"logTime": "0317/033720", "correlationVector":"Z75HHu1LNNh8WCR5QYCL+d.2","action":"Commit Response", "result":"Success", "context":Result: Success. cV=Z75HHu1LNNh8WCR5QYCL+d.0;server=akswtt00500002d;cloudType=Consumer;environment=Prod_eastasia_prod-s01-034-apac-eastasia;migrationStage=NotStarted}
{"logTime": "0317/034045", "correlationVector":"HbK/RGMGLlanHlhoggRXx0.1","action":"SyncServerConnectionManagerRequest", "result":"SYNC_SERVER_OK", "context":{"environment":"Prod_eastasia_prod-s01-034-apac-eastasia", "migrationStage":"NotStarted", "server":"akswtt005000041"}}
{"logTime": "0317/034045", "correlationVector":"HbK/RGMGLlanHlhoggRXx0.2","action":"ProcessGetUpdates", "result":"Done", "context":{"dataType":"Encryption Keys", "deleted":"0", "process_failed_to_decrypt":"0", "process_pending_decryption":"0", "process_success":"1", "total":"1"}}
{"logTime": "0317/034048", "correlationVector":"j0k22k6osqt0CMwgEYPACF","action":"SyncServerConnectionManagerRequest", "result":"SYNC_SERVER_OK", "context":{"environment":"", "migrationStage":"", "server":""}}
{"logTime": "0317/034048", "correlationVector":"j0k22k6osqt0CMwgEYPACF.0","action":"EncryptionKeysFetcher.DownloadKeys:", "result":"Success", "context":Key count: 10, Last key timestamp: 2024-11-01T12:14:28Z}
{"logTime": "0317/034048", "correlationVector":"j0k22k6osqt0CMwgEYPACF.1","action":"EncryptionKeysManager::SetEncryptionKeys:", "result":"Success", "context":Key names[10]:[z+3pT1U2peCLYpc+vaVuZMyjW0FIBU9DTkL3eloEpHtRPuyoU+XGDpU/YC8RJA6GJ02CvGsidtpuMSk0wQxYVQ==][uVdFjK2DdlsEHPKEkjq94HocuILrDeBtY/+zSomkzuDBM1rrF0CxxB0OFp1qvYVFBubH45mkE4e42RjvMhhA/Q==][kEg/hryXoymDjHBfRUb6D+xVDRt6Nu0PoEyc4kIjONADI0pCio2Pd96j/lJioGTPmqn/pKIRb9umwdP0OAcMXA==][WHF+cp24F/FCHWinpdknjoVJfS5XaQd2a7K3yJqMVuLw0+ZT8YoTxeoX7A6zBkEwtSJnA4BG/oR62ftileIE7g==][BxByCebT1Bghultm0Fc5wx7Xoj0rRogbofYAFz6wKaIhWMJtHsHxwNZIHGm3n/2avlbdfmxm7Dxl/08ILHyb4A==][4WIxgahbgr3OonXK8bOUpUhKZ2FKGsSKD9+ShN1+C8oIgh3JjpwhJd0GGwYrAKXslatXWRaKwRmLNLNIaR0Qzw==][gxf6IWvDfBQsEFLXXb3EGADQ+eKjq8OHuuK3R7A7BSXK0B4i41tM5Tz4rwXJJlarxbw2yApdkpexF21AH9htLQ==][j01xZjfY1vgvx+yRUctIuP2fBMmIgrCSkc3Grqg+t+0Q7a35M9o/NfYWX9PpVDmGapY/CErhOqEMgLyUeVK3Rg==][R92aa55OkeU9VW4QB/5KpJ16kpUCl8E096vOfDRq6B+0A/V5m1pUC1tZxPsKw014K9y2bhHDx+c7zI5KP9k8Sw==][QJVUw5QjyXHL06DANImeuo8i+xWPCgowbQWX1eA+iQZOCbWpBufTBKDv9akRtPDe4VYwCdPhVKCbiuJ/z45Wlw==]}
{"logTime": "0317/034048", "correlationVector":"j0k22k6osqt0CMwgEYPACF.2","action":"EncryptionKeysManager::SetEncryptionKeysWithTimestamps:", "result":"Success", "context":Key timestamps[10]:[2020-04-18T08:27:41Z][2020-10-16T11:42:16Z][2021-04-15T07:57:55Z][2021-10-12T13:55:22Z][2022-04-13T01:04:33Z][2022-10-11T02:05:08Z][2023-04-17T00:30:53Z][2023-11-03T08:10:40Z][2024-05-02T01:33:04Z][2024-11-01T12:14:28Z]}
{"logTime": "0317/034048", "correlationVector":"HbK/RGMGLlanHlhoggRXx0","action":"Initial GetUpdates", "result":"", "context":Reason: NEW_CLIENT. cV=HbK/RGMGLlanHlhoggRXx0}
{"logTime": "0317/034048", "correlationVector":"HbK/RGMGLlanHlhoggRXx0.3","action":"GetUpdates Response", "result":"Success", "context":Received 1 update(s). cV=HbK/RGMGLlanHlhoggRXx0.0;server=akswtt005000041;cloudType=Consumer;environment=Prod_eastasia_prod-s01-034-apac-eastasia;migrationStage=NotStarted}
{"logTime": "0317/034048", "correlationVector":"Hp1SXs1fLolKOaLy9lTdJI","action":"Normal GetUpdate request", "result":"", "context":cV=Hp1SXs1fLolKOaLy9lTdJI
Nudged types: Sessions, Device Info, History
Refresh requested types: Bookmarks, Preferences, Passwords, Autofill Profiles, Autofill, Extensions, Sessions, Extension settings, History Delete Directives, Device Info, User Consents, Send Tab To Self, Web Apps, History, Collection, Edge E Drop, Edge Hub App Usage, Edge Tab Group, Edge Wallet, Encryption Keys}
{"logTime": "0317/034051", "correlationVector":"Hp1SXs1fLolKOaLy9lTdJI.1","action":"SyncServerConnectionManagerRequest", "result":"SYNC_SERVER_OK", "context":{"environment":"Prod_eastasia_prod-s01-034-apac-eastasia", "migrationStage":"NotStarted", "server":"akswtt005000022"}}
{"logTime": "0317/034051", "correlationVector":"Hp1SXs1fLolKOaLy9lTdJI.2","action":"ProcessGetUpdates", "result":"Done", "context":{"dataType":"Sessions", "deleted":"1", "process_failed_to_decrypt":"0", "process_pending_decryption":"0", "process_success":"3", "total":"3"}}
{"logTime": "0317/034051", "correlationVector":"Hp1SXs1fLolKOaLy9lTdJI.3","action":"ProcessGetUpdates", "result":"Done", "context":{"dataType":"Device Info", "deleted":"0", "process_failed_to_decrypt":"0", "process_pending_decryption":"0", "process_success":"1", "total":"1"}}
{"logTime": "0317/034051", "correlationVector":"Hp1SXs1fLolKOaLy9lTdJI.4","action":"ProcessGetUpdates", "result":"Done", "context":{"dataType":"History", "deleted":"0", "process_failed_to_decrypt":"0", "process_pending_decryption":"0", "process_success":"2", "total":"2"}}
{"logTime": "0317/034051", "correlationVector":"Hp1SXs1fLolKOaLy9lTdJI.5","action":"GetUpdates Response", "result":"Success", "context":Received 6 update(s). cV=Hp1SXs1fLolKOaLy9lTdJI.0;server=akswtt005000022;cloudType=Consumer;environment=Prod_eastasia_prod-s01-034-apac-eastasia;migrationStage=NotStarted}
{"logTime": "0317/034051", "correlationVector":"g2E0xcoTsQ956EKrZ4M+nN","action":"Commit Request", "result":"", "context":Item count: 6
Contributing types: Sessions, Device Info, History}
{"logTime": "0317/034053", "correlationVector":"g2E0xcoTsQ956EKrZ4M+nN.1","action":"SyncServerConnectionManagerRequest", "result":"SYNC_SERVER_OK", "context":{"environment":"Prod_eastasia_prod-s01-034-apac-eastasia", "migrationStage":"NotStarted", "server":"akswtt00500004w"}}
{"logTime": "0317/034053", "correlationVector":"g2E0xcoTsQ956EKrZ4M+nN.2","action":"Commit Response", "result":"Success", "context":Result: Success. cV=g2E0xcoTsQ956EKrZ4M+nN.0;server=akswtt00500004w;cloudType=Consumer;environment=Prod_eastasia_prod-s01-034-apac-eastasia;migrationStage=NotStarted}
{"logTime": "0317/034053", "correlationVector":"g2E0xcoTsQ956EKrZ4M+nN.3","action":"Commit.Sessions", "result":"Success", "context":{"id":"80b0b0fc-055e-4a71-9fc7-5bd4b9848042", "isDeleted":"true", "size":"0", "version":"1742182639301"}}
{"logTime": "0317/034237", "correlationVector":"nOExniNj/GV6ffuIIaCv6u","action":"Commit Request", "result":"", "context":Item count: 1
Contributing types: History}
{"logTime": "0317/034238", "correlationVector":"nOExniNj/GV6ffuIIaCv6u.1","action":"SyncServerConnectionManagerRequest", "result":"SYNC_SERVER_OK", "context":{"environment":"Prod_eastasia_prod-s01-034-apac-eastasia", "migrationStage":"NotStarted", "server":"akswtt00500001n"}}
{"logTime": "0317/034238", "correlationVector":"nOExniNj/GV6ffuIIaCv6u.2","action":"Commit Response", "result":"Success", "context":Result: Success. cV=nOExniNj/GV6ffuIIaCv6u.0;server=akswtt00500001n;cloudType=Consumer;environment=Prod_eastasia_prod-s01-034-apac-eastasia;migrationStage=NotStarted}
{"logTime": "0317/034352", "correlationVector":"wPm+Z9SCKlfJubspuCV5de","action":"Commit Request", "result":"", "context":Item count: 3
Contributing types: Sessions, History}
{"logTime": "0317/034353", "correlationVector":"wPm+Z9SCKlfJubspuCV5de.1","action":"SyncServerConnectionManagerRequest", "result":"SYNC_SERVER_OK", "context":{"environment":"Prod_southeastasia_prod-s01-065-apac-southeastasia", "migrationStage":"NotStarted", "server":"akswtt00500000r"}}
{"logTime": "0317/034353", "correlationVector":"wPm+Z9SCKlfJubspuCV5de.2","action":"Commit Response", "result":"Success", "context":Result: Success. cV=wPm+Z9SCKlfJubspuCV5de.0;server=akswtt00500000r;cloudType=Consumer;environment=Prod_southeastasia_prod-s01-065-apac-southeastasia;migrationStage=NotStarted}
{"logTime": "0317/035647", "correlationVector":"WOmsoBEM4TKdQBK8quZQS1.1","action":"SyncServerConnectionManagerRequest", "result":"SYNC_SERVER_OK", "context":{"environment":"Prod_eastasia_prod-s01-034-apac-eastasia", "migrationStage":"NotStarted", "server":"akswtt00500004y"}}
{"logTime": "0317/035647", "correlationVector":"WOmsoBEM4TKdQBK8quZQS1.2","action":"ProcessGetUpdates", "result":"Done", "context":{"dataType":"Encryption Keys", "deleted":"0", "process_failed_to_decrypt":"0", "process_pending_decryption":"0", "process_success":"1", "total":"1"}}
{"logTime": "0317/035651", "correlationVector":"lP64UIg3eE1ZYBBZNYuoyS","action":"SyncServerConnectionManagerRequest", "result":"SYNC_SERVER_OK", "context":{"environment":"", "migrationStage":"", "server":""}}
{"logTime": "0317/035651", "correlationVector":"lP64UIg3eE1ZYBBZNYuoyS.0","action":"EncryptionKeysFetcher.DownloadKeys:", "result":"Success", "context":Key count: 10, Last key timestamp: 2024-11-01T12:14:28Z}
{"logTime": "0317/035651", "correlationVector":"lP64UIg3eE1ZYBBZNYuoyS.1","action":"EncryptionKeysManager::SetEncryptionKeys:", "result":"Success", "context":Key names[10]:[z+3pT1U2peCLYpc+vaVuZMyjW0FIBU9DTkL3eloEpHtRPuyoU+XGDpU/YC8RJA6GJ02CvGsidtpuMSk0wQxYVQ==][uVdFjK2DdlsEHPKEkjq94HocuILrDeBtY/+zSomkzuDBM1rrF0CxxB0OFp1qvYVFBubH45mkE4e42RjvMhhA/Q==][kEg/hryXoymDjHBfRUb6D+xVDRt6Nu0PoEyc4kIjONADI0pCio2Pd96j/lJioGTPmqn/pKIRb9umwdP0OAcMXA==][WHF+cp24F/FCHWinpdknjoVJfS5XaQd2a7K3yJqMVuLw0+ZT8YoTxeoX7A6zBkEwtSJnA4BG/oR62ftileIE7g==][BxByCebT1Bghultm0Fc5wx7Xoj0rRogbofYAFz6wKaIhWMJtHsHxwNZIHGm3n/2avlbdfmxm7Dxl/08ILHyb4A==][4WIxgahbgr3OonXK8bOUpUhKZ2FKGsSKD9+ShN1+C8oIgh3JjpwhJd0GGwYrAKXslatXWRaKwRmLNLNIaR0Qzw==][gxf6IWvDfBQsEFLXXb3EGADQ+eKjq8OHuuK3R7A7BSXK0B4i41tM5Tz4rwXJJlarxbw2yApdkpexF21AH9htLQ==][j01xZjfY1vgvx+yRUctIuP2fBMmIgrCSkc3Grqg+t+0Q7a35M9o/NfYWX9PpVDmGapY/CErhOqEMgLyUeVK3Rg==][R92aa55OkeU9VW4QB/5KpJ16kpUCl8E096vOfDRq6B+0A/V5m1pUC1tZxPsKw014K9y2bhHDx+c7zI5KP9k8Sw==][QJVUw5QjyXHL06DANImeuo8i+xWPCgowbQWX1eA+iQZOCbWpBufTBKDv9akRtPDe4VYwCdPhVKCbiuJ/z45Wlw==]}
{"logTime": "0317/035651", "correlationVector":"lP64UIg3eE1ZYBBZNYuoyS.2","action":"EncryptionKeysManager::SetEncryptionKeysWithTimestamps:", "result":"Success", "context":Key timestamps[10]:[2020-04-18T08:27:41Z][2020-10-16T11:42:16Z][2021-04-15T07:57:55Z][2021-10-12T13:55:22Z][2022-04-13T01:04:33Z][2022-10-11T02:05:08Z][2023-04-17T00:30:53Z][2023-11-03T08:10:40Z][2024-05-02T01:33:04Z][2024-11-01T12:14:28Z]}
{"logTime": "0317/035651", "correlationVector":"WOmsoBEM4TKdQBK8quZQS1","action":"Initial GetUpdates", "result":"", "context":Reason: NEW_CLIENT. cV=WOmsoBEM4TKdQBK8quZQS1}
{"logTime": "0317/035651", "correlationVector":"WOmsoBEM4TKdQBK8quZQS1.3","action":"GetUpdates Response", "result":"Success", "context":Received 1 update(s). cV=WOmsoBEM4TKdQBK8quZQS1.0;server=akswtt00500004y;cloudType=Consumer;environment=Prod_eastasia_prod-s01-034-apac-eastasia;migrationStage=NotStarted}
{"logTime": "0317/035651", "correlationVector":"CgN+Dd4XfsC3z0PW4wybei","action":"Normal GetUpdate request", "result":"", "context":cV=CgN+Dd4XfsC3z0PW4wybei
Nudged types: Sessions, Device Info, History
Refresh requested types: Bookmarks, Preferences, Passwords, Autofill Profiles, Autofill, Extensions, Sessions, Extension settings, History Delete Directives, Device Info, User Consents, Send Tab To Self, Web Apps, History, Collection, Edge E Drop, Edge Hub App Usage, Edge Tab Group, Edge Wallet, Encryption Keys}
{"logTime": "0317/035656", "correlationVector":"CgN+Dd4XfsC3z0PW4wybei.1","action":"SyncServerConnectionManagerRequest", "result":"SYNC_SERVER_OK", "context":{"environment":"Prod_eastasia_prod-s01-034-apac-eastasia", "migrationStage":"NotStarted", "server":"akswtt00500003q"}}
{"logTime": "0317/035656", "correlationVector":"CgN+Dd4XfsC3z0PW4wybei.2","action":"ProcessGetUpdates", "result":"Done", "context":{"dataType":"Sessions", "deleted":"1", "process_failed_to_decrypt":"0", "process_pending_decryption":"0", "process_success":"3", "total":"3"}}
{"logTime": "0317/035656", "correlationVector":"CgN+Dd4XfsC3z0PW4wybei.3","action":"ProcessGetUpdates", "result":"Done", "context":{"dataType":"Device Info", "deleted":"0", "process_failed_to_decrypt":"0", "process_pending_decryption":"0", "process_success":"1", "total":"1"}}
{"logTime": "0317/035656", "correlationVector":"CgN+Dd4XfsC3z0PW4wybei.4","action":"ProcessGetUpdates", "result":"Done", "context":{"dataType":"History", "deleted":"0", "process_failed_to_decrypt":"0", "process_pending_decryption":"0", "process_success":"3", "total":"3"}}
{"logTime": "0317/035656", "correlationVector":"CgN+Dd4XfsC3z0PW4wybei.5","action":"GetUpdates Response", "result":"Success", "context":Received 7 update(s). cV=CgN+Dd4XfsC3z0PW4wybei.0;server=akswtt00500003q;cloudType=Consumer;environment=Prod_eastasia_prod-s01-034-apac-eastasia;migrationStage=NotStarted}
{"logTime": "0317/035656", "correlationVector":"e84hIy5vMGPCLcUl6OJjjP","action":"Commit Request", "result":"", "context":Item count: 6
Contributing types: Sessions, Device Info, History}
{"logTime": "0317/035657", "correlationVector":"e84hIy5vMGPCLcUl6OJjjP.1","action":"SyncServerConnectionManagerRequest", "result":"SYNC_SERVER_OK", "context":{"environment":"Prod_eastasia_prod-s01-034-apac-eastasia", "migrationStage":"NotStarted", "server":"akswtt005000038"}}
{"logTime": "0317/035657", "correlationVector":"e84hIy5vMGPCLcUl6OJjjP.2","action":"Commit Response", "result":"Success", "context":Result: Success. cV=e84hIy5vMGPCLcUl6OJjjP.0;server=akswtt005000038;cloudType=Consumer;environment=Prod_eastasia_prod-s01-034-apac-eastasia;migrationStage=NotStarted}
{"logTime": "0317/035657", "correlationVector":"e84hIy5vMGPCLcUl6OJjjP.3","action":"Commit.Sessions", "result":"Success", "context":{"id":"bc25c1ab-3c68-4b76-a43e-582ebf52edaa", "isDeleted":"true", "size":"0", "version":"1742183032653"}}
{"logTime": "0317/035926", "correlationVector":"1tNHSBOlRVhE3YHb1Lkj7u","action":"Commit Request", "result":"", "context":Item count: 2
Contributing types: Sessions, History}
{"logTime": "0317/035928", "correlationVector":"1tNHSBOlRVhE3YHb1Lkj7u.1","action":"SyncServerConnectionManagerRequest", "result":"SYNC_SERVER_OK", "context":{"environment":"Prod_eastasia_prod-s01-034-apac-eastasia", "migrationStage":"NotStarted", "server":"akswtt00500005c"}}
{"logTime": "0317/035928", "correlationVector":"1tNHSBOlRVhE3YHb1Lkj7u.2","action":"Commit Response", "result":"Success", "context":Result: Success. cV=1tNHSBOlRVhE3YHb1Lkj7u.0;server=akswtt00500005c;cloudType=Consumer;environment=Prod_eastasia_prod-s01-034-apac-eastasia;migrationStage=NotStarted}
{"logTime": "0317/043241", "correlationVector":"cxHijSkTgnC4vMt6uQEtPJ.1","action":"SyncServerConnectionManagerRequest", "result":"SYNC_SERVER_OK", "context":{"environment":"Prod_eastasia_prod-s01-034-apac-eastasia", "migrationStage":"NotStarted", "server":"akswtt005000048"}}
{"logTime": "0317/043241", "correlationVector":"cxHijSkTgnC4vMt6uQEtPJ.2","action":"ProcessGetUpdates", "result":"Done", "context":{"dataType":"Encryption Keys", "deleted":"0", "process_failed_to_decrypt":"0", "process_pending_decryption":"0", "process_success":"1", "total":"1"}}
{"logTime": "0317/043245", "correlationVector":"mNp+JHqdDx0HmzgpgeUlUJ","action":"SyncServerConnectionManagerRequest", "result":"SYNC_SERVER_OK", "context":{"environment":"", "migrationStage":"", "server":""}}
{"logTime": "0317/043245", "correlationVector":"mNp+JHqdDx0HmzgpgeUlUJ.0","action":"EncryptionKeysFetcher.DownloadKeys:", "result":"Success", "context":Key count: 10, Last key timestamp: 2024-11-01T12:14:28Z}
{"logTime": "0317/043245", "correlationVector":"mNp+JHqdDx0HmzgpgeUlUJ.1","action":"EncryptionKeysManager::SetEncryptionKeys:", "result":"Success", "context":Key names[10]:[z+3pT1U2peCLYpc+vaVuZMyjW0FIBU9DTkL3eloEpHtRPuyoU+XGDpU/YC8RJA6GJ02CvGsidtpuMSk0wQxYVQ==][uVdFjK2DdlsEHPKEkjq94HocuILrDeBtY/+zSomkzuDBM1rrF0CxxB0OFp1qvYVFBubH45mkE4e42RjvMhhA/Q==][kEg/hryXoymDjHBfRUb6D+xVDRt6Nu0PoEyc4kIjONADI0pCio2Pd96j/lJioGTPmqn/pKIRb9umwdP0OAcMXA==][WHF+cp24F/FCHWinpdknjoVJfS5XaQd2a7K3yJqMVuLw0+ZT8YoTxeoX7A6zBkEwtSJnA4BG/oR62ftileIE7g==][BxByCebT1Bghultm0Fc5wx7Xoj0rRogbofYAFz6wKaIhWMJtHsHxwNZIHGm3n/2avlbdfmxm7Dxl/08ILHyb4A==][4WIxgahbgr3OonXK8bOUpUhKZ2FKGsSKD9+ShN1+C8oIgh3JjpwhJd0GGwYrAKXslatXWRaKwRmLNLNIaR0Qzw==][gxf6IWvDfBQsEFLXXb3EGADQ+eKjq8OHuuK3R7A7BSXK0B4i41tM5Tz4rwXJJlarxbw2yApdkpexF21AH9htLQ==][j01xZjfY1vgvx+yRUctIuP2fBMmIgrCSkc3Grqg+t+0Q7a35M9o/NfYWX9PpVDmGapY/CErhOqEMgLyUeVK3Rg==][R92aa55OkeU9VW4QB/5KpJ16kpUCl8E096vOfDRq6B+0A/V5m1pUC1tZxPsKw014K9y2bhHDx+c7zI5KP9k8Sw==][QJVUw5QjyXHL06DANImeuo8i+xWPCgowbQWX1eA+iQZOCbWpBufTBKDv9akRtPDe4VYwCdPhVKCbiuJ/z45Wlw==]}
{"logTime": "0317/043245", "correlationVector":"mNp+JHqdDx0HmzgpgeUlUJ.2","action":"EncryptionKeysManager::SetEncryptionKeysWithTimestamps:", "result":"Success", "context":Key timestamps[10]:[2020-04-18T08:27:41Z][2020-10-16T11:42:16Z][2021-04-15T07:57:55Z][2021-10-12T13:55:22Z][2022-04-13T01:04:33Z][2022-10-11T02:05:08Z][2023-04-17T00:30:53Z][2023-11-03T08:10:40Z][2024-05-02T01:33:04Z][2024-11-01T12:14:28Z]}
{"logTime": "0317/043245", "correlationVector":"cxHijSkTgnC4vMt6uQEtPJ","action":"Initial GetUpdates", "result":"", "context":Reason: NEW_CLIENT. cV=cxHijSkTgnC4vMt6uQEtPJ}
{"logTime": "0317/043245", "correlationVector":"cxHijSkTgnC4vMt6uQEtPJ.3","action":"GetUpdates Response", "result":"Success", "context":Received 1 update(s). cV=cxHijSkTgnC4vMt6uQEtPJ.0;server=akswtt005000048;cloudType=Consumer;environment=Prod_eastasia_prod-s01-034-apac-eastasia;migrationStage=NotStarted}
{"logTime": "0317/043245", "correlationVector":"IH/a+LudCOP0uS9Hj/JkVf","action":"Normal GetUpdate request", "result":"", "context":cV=IH/a+LudCOP0uS9Hj/JkVf
Nudged types: Sessions, Device Info, History
Refresh requested types: Bookmarks, Preferences, Passwords, Autofill Profiles, Autofill, Extensions, Sessions, Extension settings, History Delete Directives, Device Info, User Consents, Send Tab To Self, Web Apps, History, Collection, Edge E Drop, Edge Hub App Usage, Edge Tab Group, Edge Wallet, Encryption Keys}
{"logTime": "0317/043249", "correlationVector":"IH/a+LudCOP0uS9Hj/JkVf.1","action":"SyncServerConnectionManagerRequest", "result":"SYNC_SERVER_OK", "context":{"environment":"Prod_eastasia_prod-s01-034-apac-eastasia", "migrationStage":"NotStarted", "server":"akswtt00500002e"}}
{"logTime": "0317/043249", "correlationVector":"IH/a+LudCOP0uS9Hj/JkVf.2","action":"ProcessGetUpdates", "result":"Done", "context":{"dataType":"Sessions", "deleted":"1", "process_failed_to_decrypt":"0", "process_pending_decryption":"0", "process_success":"3", "total":"3"}}
{"logTime": "0317/043249", "correlationVector":"IH/a+LudCOP0uS9Hj/JkVf.3","action":"ProcessGetUpdates", "result":"Done", "context":{"dataType":"Device Info", "deleted":"0", "process_failed_to_decrypt":"0", "process_pending_decryption":"0", "process_success":"1", "total":"1"}}
{"logTime": "0317/043249", "correlationVector":"IH/a+LudCOP0uS9Hj/JkVf.4","action":"ProcessGetUpdates", "result":"Done", "context":{"dataType":"History", "deleted":"0", "process_failed_to_decrypt":"0", "process_pending_decryption":"0", "process_success":"2", "total":"2"}}
{"logTime": "0317/043249", "correlationVector":"IH/a+LudCOP0uS9Hj/JkVf.5","action":"GetUpdates Response", "result":"Success", "context":Received 6 update(s). cV=IH/a+LudCOP0uS9Hj/JkVf.0;server=akswtt00500002e;cloudType=Consumer;environment=Prod_eastasia_prod-s01-034-apac-eastasia;migrationStage=NotStarted}
{"logTime": "0317/043249", "correlationVector":"s5hyiH/FiK2nGBU6kIc9nO","action":"Commit Request", "result":"", "context":Item count: 5
Contributing types: Sessions, Device Info, History}
{"logTime": "0317/043251", "correlationVector":"s5hyiH/FiK2nGBU6kIc9nO.1","action":"SyncServerConnectionManagerRequest", "result":"SYNC_SERVER_OK", "context":{"environment":"Prod_eastasia_prod-s01-034-apac-eastasia", "migrationStage":"NotStarted", "server":"akswtt00500002m"}}
{"logTime": "0317/043251", "correlationVector":"s5hyiH/FiK2nGBU6kIc9nO.3","action":"Commit.Sessions", "result":"Success", "context":{"id":"0a878bf8-c171-43b1-b893-a9f92c8e6194", "isDeleted":"true", "size":"0", "version":"1742183967855"}}
{"logTime": "0317/043251", "correlationVector":"s5hyiH/FiK2nGBU6kIc9nO.2","action":"Commit Response", "result":"Success", "context":Result: Success. cV=s5hyiH/FiK2nGBU6kIc9nO.0;server=akswtt00500002m;cloudType=Consumer;environment=Prod_eastasia_prod-s01-034-apac-eastasia;migrationStage=NotStarted}
{"logTime": "0317/043353", "correlationVector":"y39576dGA7kfjmSqMNlJKc","action":"Commit Request", "result":"", "context":Item count: 2
Contributing types: Sessions, History}
{"logTime": "0317/043355", "correlationVector":"y39576dGA7kfjmSqMNlJKc.1","action":"SyncServerConnectionManagerRequest", "result":"SYNC_SERVER_OK", "context":{"environment":"Prod_eastasia_prod-s01-034-apac-eastasia", "migrationStage":"NotStarted", "server":"akswtt00500002m"}}
{"logTime": "0317/043355", "correlationVector":"y39576dGA7kfjmSqMNlJKc.2","action":"Commit Response", "result":"Success", "context":Result: Success. cV=y39576dGA7kfjmSqMNlJKc.0;server=akswtt00500002m;cloudType=Consumer;environment=Prod_eastasia_prod-s01-034-apac-eastasia;migrationStage=NotStarted}
{"logTime": "0317/043701", "correlationVector":"iDP71u94RnYa0MK/0KpyRw","action":"Commit Request", "result":"", "context":Item count: 2
Contributing types: Sessions, History}
{"logTime": "0317/043705", "correlationVector":"iDP71u94RnYa0MK/0KpyRw.1","action":"SyncServerConnectionManagerRequest", "result":"SYNC_SERVER_OK", "context":{"environment":"Prod_eastasia_prod-s01-034-apac-eastasia", "migrationStage":"NotStarted", "server":"akswtt005000005"}}
{"logTime": "0317/043705", "correlationVector":"iDP71u94RnYa0MK/0KpyRw.2","action":"Commit Response", "result":"Success", "context":Result: Success. cV=iDP71u94RnYa0MK/0KpyRw.0;server=akswtt005000005;cloudType=Consumer;environment=Prod_eastasia_prod-s01-034-apac-eastasia;migrationStage=NotStarted}
{"logTime": "0317/043854", "correlationVector":"pW48O9pjgPlnqGrHmnDphy","action":"Commit Request", "result":"", "context":Item count: 3
Contributing types: Sessions, History}
{"logTime": "0317/043855", "correlationVector":"pW48O9pjgPlnqGrHmnDphy.1","action":"SyncServerConnectionManagerRequest", "result":"SYNC_SERVER_OK", "context":{"environment":"Prod_eastasia_prod-s01-034-apac-eastasia", "migrationStage":"NotStarted", "server":"akswtt00500005a"}}
{"logTime": "0317/043855", "correlationVector":"pW48O9pjgPlnqGrHmnDphy.2","action":"Commit Response", "result":"Success", "context":Result: Success. cV=pW48O9pjgPlnqGrHmnDphy.0;server=akswtt00500005a;cloudType=Consumer;environment=Prod_eastasia_prod-s01-034-apac-eastasia;migrationStage=NotStarted}
{"logTime": "0317/044028", "correlationVector":"f7QdrIt4sbLg0vDoKGae7l","action":"Commit Request", "result":"", "context":Item count: 4
Contributing types: Sessions, History}
{"logTime": "0317/044029", "correlationVector":"f7QdrIt4sbLg0vDoKGae7l.1","action":"SyncServerConnectionManagerRequest", "result":"SYNC_SERVER_OK", "context":{"environment":"Prod_eastasia_prod-s01-034-apac-eastasia", "migrationStage":"NotStarted", "server":"akswtt005000004"}}
{"logTime": "0317/044029", "correlationVector":"f7QdrIt4sbLg0vDoKGae7l.2","action":"Commit Response", "result":"Success", "context":Result: Success. cV=f7QdrIt4sbLg0vDoKGae7l.0;server=akswtt005000004;cloudType=Consumer;environment=Prod_eastasia_prod-s01-034-apac-eastasia;migrationStage=NotStarted}
{"logTime": "0317/044314", "correlationVector":"y669yPfkQJ23UzSqpkGZGZ.1","action":"SyncServerConnectionManagerRequest", "result":"SYNC_SERVER_OK", "context":{"environment":"Prod_eastasia_prod-s01-034-apac-eastasia", "migrationStage":"NotStarted", "server":"akswtt00500000m"}}
{"logTime": "0317/044314", "correlationVector":"y669yPfkQJ23UzSqpkGZGZ.2","action":"ProcessGetUpdates", "result":"Done", "context":{"dataType":"Encryption Keys", "deleted":"0", "process_failed_to_decrypt":"0", "process_pending_decryption":"0", "process_success":"1", "total":"1"}}
{"logTime": "0317/044317", "correlationVector":"GDA5mT36a2Jf7RGE/UGyE3","action":"SyncServerConnectionManagerRequest", "result":"SYNC_SERVER_OK", "context":{"environment":"", "migrationStage":"", "server":""}}
{"logTime": "0317/044317", "correlationVector":"GDA5mT36a2Jf7RGE/UGyE3.0","action":"EncryptionKeysFetcher.DownloadKeys:", "result":"Success", "context":Key count: 10, Last key timestamp: 2024-11-01T12:14:28Z}
{"logTime": "0317/044317", "correlationVector":"GDA5mT36a2Jf7RGE/UGyE3.1","action":"EncryptionKeysManager::SetEncryptionKeys:", "result":"Success", "context":Key names[10]:[z+3pT1U2peCLYpc+vaVuZMyjW0FIBU9DTkL3eloEpHtRPuyoU+XGDpU/YC8RJA6GJ02CvGsidtpuMSk0wQxYVQ==][uVdFjK2DdlsEHPKEkjq94HocuILrDeBtY/+zSomkzuDBM1rrF0CxxB0OFp1qvYVFBubH45mkE4e42RjvMhhA/Q==][kEg/hryXoymDjHBfRUb6D+xVDRt6Nu0PoEyc4kIjONADI0pCio2Pd96j/lJioGTPmqn/pKIRb9umwdP0OAcMXA==][WHF+cp24F/FCHWinpdknjoVJfS5XaQd2a7K3yJqMVuLw0+ZT8YoTxeoX7A6zBkEwtSJnA4BG/oR62ftileIE7g==][BxByCebT1Bghultm0Fc5wx7Xoj0rRogbofYAFz6wKaIhWMJtHsHxwNZIHGm3n/2avlbdfmxm7Dxl/08ILHyb4A==][4WIxgahbgr3OonXK8bOUpUhKZ2FKGsSKD9+ShN1+C8oIgh3JjpwhJd0GGwYrAKXslatXWRaKwRmLNLNIaR0Qzw==][gxf6IWvDfBQsEFLXXb3EGADQ+eKjq8OHuuK3R7A7BSXK0B4i41tM5Tz4rwXJJlarxbw2yApdkpexF21AH9htLQ==][j01xZjfY1vgvx+yRUctIuP2fBMmIgrCSkc3Grqg+t+0Q7a35M9o/NfYWX9PpVDmGapY/CErhOqEMgLyUeVK3Rg==][R92aa55OkeU9VW4QB/5KpJ16kpUCl8E096vOfDRq6B+0A/V5m1pUC1tZxPsKw014K9y2bhHDx+c7zI5KP9k8Sw==][QJVUw5QjyXHL06DANImeuo8i+xWPCgowbQWX1eA+iQZOCbWpBufTBKDv9akRtPDe4VYwCdPhVKCbiuJ/z45Wlw==]}
{"logTime": "0317/044317", "correlationVector":"GDA5mT36a2Jf7RGE/UGyE3.2","action":"EncryptionKeysManager::SetEncryptionKeysWithTimestamps:", "result":"Success", "context":Key timestamps[10]:[2020-04-18T08:27:41Z][2020-10-16T11:42:16Z][2021-04-15T07:57:55Z][2021-10-12T13:55:22Z][2022-04-13T01:04:33Z][2022-10-11T02:05:08Z][2023-04-17T00:30:53Z][2023-11-03T08:10:40Z][2024-05-02T01:33:04Z][2024-11-01T12:14:28Z]}
{"logTime": "0317/044317", "correlationVector":"y669yPfkQJ23UzSqpkGZGZ","action":"Initial GetUpdates", "result":"", "context":Reason: NEW_CLIENT. cV=y669yPfkQJ23UzSqpkGZGZ}
{"logTime": "0317/044317", "correlationVector":"y669yPfkQJ23UzSqpkGZGZ.3","action":"GetUpdates Response", "result":"Success", "context":Received 1 update(s). cV=y669yPfkQJ23UzSqpkGZGZ.0;server=akswtt00500000m;cloudType=Consumer;environment=Prod_eastasia_prod-s01-034-apac-eastasia;migrationStage=NotStarted}
{"logTime": "0317/044317", "correlationVector":"u8nuXL5C3BOu8+uusxTdMN","action":"Normal GetUpdate request", "result":"", "context":cV=u8nuXL5C3BOu8+uusxTdMN
Nudged types: Sessions, Device Info, History
Refresh requested types: Bookmarks, Preferences, Passwords, Autofill Profiles, Autofill, Extensions, Sessions, Extension settings, History Delete Directives, Device Info, User Consents, Send Tab To Self, Web Apps, History, Collection, Edge E Drop, Edge Hub App Usage, Edge Tab Group, Edge Wallet, Encryption Keys}
{"logTime": "0317/044319", "correlationVector":"u8nuXL5C3BOu8+uusxTdMN.1","action":"SyncServerConnectionManagerRequest", "result":"SYNC_SERVER_OK", "context":{"environment":"Prod_eastasia_prod-s01-034-apac-eastasia", "migrationStage":"NotStarted", "server":"akswtt00500002c"}}
{"logTime": "0317/044319", "correlationVector":"u8nuXL5C3BOu8+uusxTdMN.2","action":"ProcessGetUpdates", "result":"Done", "context":{"dataType":"Sessions", "deleted":"1", "process_failed_to_decrypt":"0", "process_pending_decryption":"0", "process_success":"3", "total":"3"}}
{"logTime": "0317/044319", "correlationVector":"u8nuXL5C3BOu8+uusxTdMN.3","action":"ProcessGetUpdates", "result":"Done", "context":{"dataType":"Device Info", "deleted":"0", "process_failed_to_decrypt":"0", "process_pending_decryption":"0", "process_success":"1", "total":"1"}}
{"logTime": "0317/044319", "correlationVector":"u8nuXL5C3BOu8+uusxTdMN.4","action":"ProcessGetUpdates", "result":"Done", "context":{"dataType":"History", "deleted":"0", "process_failed_to_decrypt":"0", "process_pending_decryption":"0", "process_success":"4", "total":"4"}}
{"logTime": "0317/044319", "correlationVector":"u8nuXL5C3BOu8+uusxTdMN.5","action":"GetUpdates Response", "result":"Success", "context":Received 8 update(s). cV=u8nuXL5C3BOu8+uusxTdMN.0;server=akswtt00500002c;cloudType=Consumer;environment=Prod_eastasia_prod-s01-034-apac-eastasia;migrationStage=NotStarted}
{"logTime": "0317/044319", "correlationVector":"NRBaJvQ49QAlCCiion2C84","action":"Commit Request", "result":"", "context":Item count: 6
Contributing types: Sessions, Device Info, History}
{"logTime": "0317/044321", "correlationVector":"NRBaJvQ49QAlCCiion2C84.1","action":"SyncServerConnectionManagerRequest", "result":"SYNC_SERVER_OK", "context":{"environment":"Prod_eastasia_prod-s01-034-apac-eastasia", "migrationStage":"NotStarted", "server":"akswtt00500002c"}}
{"logTime": "0317/044321", "correlationVector":"NRBaJvQ49QAlCCiion2C84.2","action":"Commit Response", "result":"Success", "context":Result: Success. cV=NRBaJvQ49QAlCCiion2C84.0;server=akswtt00500002c;cloudType=Consumer;environment=Prod_eastasia_prod-s01-034-apac-eastasia;migrationStage=NotStarted}
{"logTime": "0317/044321", "correlationVector":"NRBaJvQ49QAlCCiion2C84.3","action":"Commit.Sessions", "result":"Success", "context":{"id":"ab18bbff-fcbc-4a4e-9924-a7a512fb0bd1", "isDeleted":"true", "size":"0", "version":"1742186428486"}}
{"logTime": "0317/044542", "correlationVector":"g1fw6d7o2MxBTDZd0eXhnC","action":"Commit Request", "result":"", "context":Item count: 3
Contributing types: Sessions, History}
{"logTime": "0317/044546", "correlationVector":"g1fw6d7o2MxBTDZd0eXhnC.1","action":"SyncServerConnectionManagerRequest", "result":"SYNC_SERVER_OK", "context":{"environment":"Prod_southeastasia_prod-s01-065-apac-southeastasia", "migrationStage":"NotStarted", "server":"akswtt00500000w"}}
{"logTime": "0317/044546", "correlationVector":"g1fw6d7o2MxBTDZd0eXhnC.2","action":"Commit Response", "result":"Success", "context":Result: Success. cV=g1fw6d7o2MxBTDZd0eXhnC.0;server=akswtt00500000w;cloudType=Consumer;environment=Prod_southeastasia_prod-s01-065-apac-southeastasia;migrationStage=NotStarted}
{"logTime": "0317/044646", "correlationVector":"D+zLvNuYhkep7Z/QxWvHVF","action":"Commit Request", "result":"", "context":Item count: 3
Contributing types: Sessions, History}
{"logTime": "0317/044649", "correlationVector":"D+zLvNuYhkep7Z/QxWvHVF.1","action":"SyncServerConnectionManagerRequest", "result":"SYNC_SERVER_OK", "context":{"environment":"Prod_southeastasia_prod-s01-065-apac-southeastasia", "migrationStage":"NotStarted", "server":"akswtt00500004v"}}
{"logTime": "0317/044649", "correlationVector":"D+zLvNuYhkep7Z/QxWvHVF.2","action":"Commit Response", "result":"Success", "context":Result: Success. cV=D+zLvNuYhkep7Z/QxWvHVF.0;server=akswtt00500004v;cloudType=Consumer;environment=Prod_southeastasia_prod-s01-065-apac-southeastasia;migrationStage=NotStarted}
{"logTime": "0317/044833", "correlationVector":"EMqDi386X4hB4h/T0rM1lv","action":"Commit Request", "result":"", "context":Item count: 1
Contributing types: Sessions}
{"logTime": "0317/044834", "correlationVector":"EMqDi386X4hB4h/T0rM1lv.1","action":"SyncServerConnectionManagerRequest", "result":"SYNC_SERVER_OK", "context":{"environment":"Prod_southeastasia_prod-s01-065-apac-southeastasia", "migrationStage":"NotStarted", "server":"akswtt005000047"}}
{"logTime": "0317/044834", "correlationVector":"EMqDi386X4hB4h/T0rM1lv.2","action":"Commit Response", "result":"Success", "context":Result: Success. cV=EMqDi386X4hB4h/T0rM1lv.0;server=akswtt005000047;cloudType=Consumer;environment=Prod_southeastasia_prod-s01-065-apac-southeastasia;migrationStage=NotStarted}
{"logTime": "0317/045007", "correlationVector":"WlqwsUBndJ5OZXxCI4aptv","action":"Commit Request", "result":"", "context":Item count: 1
Contributing types: Sessions}
{"logTime": "0317/045008", "correlationVector":"WlqwsUBndJ5OZXxCI4aptv.1","action":"SyncServerConnectionManagerRequest", "result":"SYNC_SERVER_OK", "context":{"environment":"Prod_southeastasia_prod-s01-065-apac-southeastasia", "migrationStage":"NotStarted", "server":"akswtt00500000w"}}
{"logTime": "0317/045008", "correlationVector":"WlqwsUBndJ5OZXxCI4aptv.2","action":"Commit Response", "result":"Success", "context":Result: Success. cV=WlqwsUBndJ5OZXxCI4aptv.0;server=akswtt00500000w;cloudType=Consumer;environment=Prod_southeastasia_prod-s01-065-apac-southeastasia;migrationStage=NotStarted}
{"logTime": "0317/045114", "correlationVector":"amn1Ty2z+xh1lVF7XNYzD1","action":"Commit Request", "result":"", "context":Item count: 3
Contributing types: Sessions, History}
{"logTime": "0317/045115", "correlationVector":"amn1Ty2z+xh1lVF7XNYzD1.1","action":"SyncServerConnectionManagerRequest", "result":"SYNC_SERVER_OK", "context":{"environment":"Prod_southeastasia_prod-s01-064-apac-southeastasia", "migrationStage":"NotStarted", "server":"akswtt00500001n"}}
{"logTime": "0317/045115", "correlationVector":"amn1Ty2z+xh1lVF7XNYzD1.2","action":"Commit Response", "result":"Success", "context":Result: Success. cV=amn1Ty2z+xh1lVF7XNYzD1.0;server=akswtt00500001n;cloudType=Consumer;environment=Prod_southeastasia_prod-s01-064-apac-southeastasia;migrationStage=NotStarted}
{"logTime": "0317/045544", "correlationVector":"nvZR/P1bVytgQy3ULGKw8y","action":"Commit Request", "result":"", "context":Item count: 5
Contributing types: Sessions, History}
{"logTime": "0317/045546", "correlationVector":"nvZR/P1bVytgQy3ULGKw8y.1","action":"SyncServerConnectionManagerRequest", "result":"SYNC_SERVER_OK", "context":{"environment":"Prod_southeastasia_prod-s01-065-apac-southeastasia", "migrationStage":"NotStarted", "server":"akswtt00500004r"}}
{"logTime": "0317/045546", "correlationVector":"nvZR/P1bVytgQy3ULGKw8y.2","action":"Commit Response", "result":"Success", "context":Result: Success. cV=nvZR/P1bVytgQy3ULGKw8y.0;server=akswtt00500004r;cloudType=Consumer;environment=Prod_southeastasia_prod-s01-065-apac-southeastasia;migrationStage=NotStarted}
{"logTime": "0317/045714", "correlationVector":"ixbFKBlFyMsRF67U017HBc","action":"Commit Request", "result":"", "context":Item count: 3
Contributing types: Sessions, History}
{"logTime": "0317/045716", "correlationVector":"ixbFKBlFyMsRF67U017HBc.1","action":"SyncServerConnectionManagerRequest", "result":"SYNC_SERVER_OK", "context":{"environment":"Prod_southeastasia_prod-s01-065-apac-southeastasia", "migrationStage":"NotStarted", "server":"akswtt00500002u"}}
{"logTime": "0317/045716", "correlationVector":"ixbFKBlFyMsRF67U017HBc.2","action":"Commit Response", "result":"Success", "context":Result: Success. cV=ixbFKBlFyMsRF67U017HBc.0;server=akswtt00500002u;cloudType=Consumer;environment=Prod_southeastasia_prod-s01-065-apac-southeastasia;migrationStage=NotStarted}
{"logTime": "0317/051533", "correlationVector":"ldjUHYIBy2OOTLnrMEmaON.1","action":"SyncServerConnectionManagerRequest", "result":"SYNC_SERVER_OK", "context":{"environment":"Prod_southeastasia_prod-s01-064-apac-southeastasia", "migrationStage":"NotStarted", "server":"akswtt00500003o"}}
{"logTime": "0317/051533", "correlationVector":"ldjUHYIBy2OOTLnrMEmaON.2","action":"ProcessGetUpdates", "result":"Done", "context":{"dataType":"Encryption Keys", "deleted":"0", "process_failed_to_decrypt":"0", "process_pending_decryption":"0", "process_success":"1", "total":"1"}}
{"logTime": "0317/051537", "correlationVector":"T+cxg0ecAmtpQeNUvH3AXc","action":"SyncServerConnectionManagerRequest", "result":"SYNC_SERVER_OK", "context":{"environment":"", "migrationStage":"", "server":""}}
{"logTime": "0317/051537", "correlationVector":"T+cxg0ecAmtpQeNUvH3AXc.0","action":"EncryptionKeysFetcher.DownloadKeys:", "result":"Success", "context":Key count: 10, Last key timestamp: 2024-11-01T12:14:28Z}
{"logTime": "0317/051537", "correlationVector":"T+cxg0ecAmtpQeNUvH3AXc.1","action":"EncryptionKeysManager::SetEncryptionKeys:", "result":"Success", "context":Key names[10]:[z+3pT1U2peCLYpc+vaVuZMyjW0FIBU9DTkL3eloEpHtRPuyoU+XGDpU/YC8RJA6GJ02CvGsidtpuMSk0wQxYVQ==][uVdFjK2DdlsEHPKEkjq94HocuILrDeBtY/+zSomkzuDBM1rrF0CxxB0OFp1qvYVFBubH45mkE4e42RjvMhhA/Q==][kEg/hryXoymDjHBfRUb6D+xVDRt6Nu0PoEyc4kIjONADI0pCio2Pd96j/lJioGTPmqn/pKIRb9umwdP0OAcMXA==][WHF+cp24F/FCHWinpdknjoVJfS5XaQd2a7K3yJqMVuLw0+ZT8YoTxeoX7A6zBkEwtSJnA4BG/oR62ftileIE7g==][BxByCebT1Bghultm0Fc5wx7Xoj0rRogbofYAFz6wKaIhWMJtHsHxwNZIHGm3n/2avlbdfmxm7Dxl/08ILHyb4A==][4WIxgahbgr3OonXK8bOUpUhKZ2FKGsSKD9+ShN1+C8oIgh3JjpwhJd0GGwYrAKXslatXWRaKwRmLNLNIaR0Qzw==][gxf6IWvDfBQsEFLXXb3EGADQ+eKjq8OHuuK3R7A7BSXK0B4i41tM5Tz4rwXJJlarxbw2yApdkpexF21AH9htLQ==][j01xZjfY1vgvx+yRUctIuP2fBMmIgrCSkc3Grqg+t+0Q7a35M9o/NfYWX9PpVDmGapY/CErhOqEMgLyUeVK3Rg==][R92aa55OkeU9VW4QB/5KpJ16kpUCl8E096vOfDRq6B+0A/V5m1pUC1tZxPsKw014K9y2bhHDx+c7zI5KP9k8Sw==][QJVUw5QjyXHL06DANImeuo8i+xWPCgowbQWX1eA+iQZOCbWpBufTBKDv9akRtPDe4VYwCdPhVKCbiuJ/z45Wlw==]}
{"logTime": "0317/051537", "correlationVector":"T+cxg0ecAmtpQeNUvH3AXc.2","action":"EncryptionKeysManager::SetEncryptionKeysWithTimestamps:", "result":"Success", "context":Key timestamps[10]:[2020-04-18T08:27:41Z][2020-10-16T11:42:16Z][2021-04-15T07:57:55Z][2021-10-12T13:55:22Z][2022-04-13T01:04:33Z][2022-10-11T02:05:08Z][2023-04-17T00:30:53Z][2023-11-03T08:10:40Z][2024-05-02T01:33:04Z][2024-11-01T12:14:28Z]}
{"logTime": "0317/051537", "correlationVector":"ldjUHYIBy2OOTLnrMEmaON","action":"Initial GetUpdates", "result":"", "context":Reason: NEW_CLIENT. cV=ldjUHYIBy2OOTLnrMEmaON}
{"logTime": "0317/051537", "correlationVector":"ldjUHYIBy2OOTLnrMEmaON.3","action":"GetUpdates Response", "result":"Success", "context":Received 1 update(s). cV=ldjUHYIBy2OOTLnrMEmaON.0;server=akswtt00500003o;cloudType=Consumer;environment=Prod_southeastasia_prod-s01-064-apac-southeastasia;migrationStage=NotStarted}
{"logTime": "0317/051537", "correlationVector":"XQekLVaDHNVMY5gKOGTKEn","action":"Normal GetUpdate request", "result":"", "context":cV=XQekLVaDHNVMY5gKOGTKEn
Nudged types: Sessions, Device Info, History
Refresh requested types: Bookmarks, Preferences, Passwords, Autofill Profiles, Autofill, Extensions, Sessions, Extension settings, History Delete Directives, Device Info, User Consents, Send Tab To Self, Web Apps, History, Collection, Edge E Drop, Edge Hub App Usage, Edge Tab Group, Edge Wallet, Encryption Keys}
{"logTime": "0317/051540", "correlationVector":"XQekLVaDHNVMY5gKOGTKEn.1","action":"SyncServerConnectionManagerRequest", "result":"SYNC_SERVER_OK", "context":{"environment":"Prod_southeastasia_prod-s01-064-apac-southeastasia", "migrationStage":"NotStarted", "server":"akswtt005000055"}}
{"logTime": "0317/051540", "correlationVector":"XQekLVaDHNVMY5gKOGTKEn.2","action":"ProcessGetUpdates", "result":"Done", "context":{"dataType":"Sessions", "deleted":"1", "process_failed_to_decrypt":"0", "process_pending_decryption":"0", "process_success":"3", "total":"3"}}
{"logTime": "0317/051540", "correlationVector":"XQekLVaDHNVMY5gKOGTKEn.3","action":"ProcessGetUpdates", "result":"Done", "context":{"dataType":"Device Info", "deleted":"0", "process_failed_to_decrypt":"0", "process_pending_decryption":"0", "process_success":"1", "total":"1"}}
{"logTime": "0317/051540", "correlationVector":"XQekLVaDHNVMY5gKOGTKEn.4","action":"ProcessGetUpdates", "result":"Done", "context":{"dataType":"History", "deleted":"0", "process_failed_to_decrypt":"0", "process_pending_decryption":"0", "process_success":"9", "total":"9"}}
{"logTime": "0317/051540", "correlationVector":"XQekLVaDHNVMY5gKOGTKEn.5","action":"GetUpdates Response", "result":"Success", "context":Received 13 update(s). cV=XQekLVaDHNVMY5gKOGTKEn.0;server=akswtt005000055;cloudType=Consumer;environment=Prod_southeastasia_prod-s01-064-apac-southeastasia;migrationStage=NotStarted}
{"logTime": "0317/051540", "correlationVector":"cXKW+E9QHCGDKs2stYz+ph","action":"Commit Request", "result":"", "context":Item count: 6
Contributing types: Sessions, Device Info, History}
{"logTime": "0317/051542", "correlationVector":"cXKW+E9QHCGDKs2stYz+ph.1","action":"SyncServerConnectionManagerRequest", "result":"SYNC_SERVER_OK", "context":{"environment":"Prod_southeastasia_prod-s01-064-apac-southeastasia", "migrationStage":"NotStarted", "server":"akswtt00500004b"}}
{"logTime": "0317/051542", "correlationVector":"cXKW+E9QHCGDKs2stYz+ph.2","action":"Commit Response", "result":"Success", "context":Result: Success. cV=cXKW+E9QHCGDKs2stYz+ph.0;server=akswtt00500004b;cloudType=Consumer;environment=Prod_southeastasia_prod-s01-064-apac-southeastasia;migrationStage=NotStarted}
{"logTime": "0317/051542", "correlationVector":"cXKW+E9QHCGDKs2stYz+ph.3","action":"Commit.Sessions", "result":"Success", "context":{"id":"bbebb76c-ce5b-4963-a9a5-d31760b525e4", "isDeleted":"true", "size":"0", "version":"1742187435225"}}
{"logTime": "0317/051658", "correlationVector":"E9gaZWKItkkl7S1IzcehQq","action":"Commit Request", "result":"", "context":Item count: 2
Contributing types: Sessions, History}
{"logTime": "0317/051659", "correlationVector":"E9gaZWKItkkl7S1IzcehQq.1","action":"SyncServerConnectionManagerRequest", "result":"SYNC_SERVER_OK", "context":{"environment":"Prod_eastasia_prod-s01-034-apac-eastasia", "migrationStage":"NotStarted", "server":"akswtt00500002k"}}
{"logTime": "0317/051659", "correlationVector":"E9gaZWKItkkl7S1IzcehQq.2","action":"Commit Response", "result":"Success", "context":Result: Success. cV=E9gaZWKItkkl7S1IzcehQq.0;server=akswtt00500002k;cloudType=Consumer;environment=Prod_eastasia_prod-s01-034-apac-eastasia;migrationStage=NotStarted}
