2025-05-08 00:17:58.025: [INFO][Sync] Reset engine, reason: 8
2025-05-08 00:17:58.026: [INFO][Sync] Stopped: Bookmarks
2025-05-08 00:17:58.026: [INFO][Sync] Stopped: Preferences
2025-05-08 00:17:58.026: [INFO][Sync] Stopped: Passwords
2025-05-08 00:17:58.026: [INFO][Sync] Stopped: Autofill Profiles
2025-05-08 00:17:58.026: [INFO][Sync] Stopped: Autofill
2025-05-08 00:17:58.026: [INFO][Sync] Stopped: Extensions
2025-05-08 00:17:58.026: [INFO][Sync] Stopped: Sessions
2025-05-08 00:17:58.026: [INFO][Sync] Stopped: Extension settings
2025-05-08 00:17:58.026: [INFO][Sync] Stopped: History Delete Directives
2025-05-08 00:17:58.026: [INFO][Sync] Stopped: Device Info
2025-05-08 00:17:58.026: [INFO][Sync] Stopped: User Consents
2025-05-08 00:17:58.026: [INFO][Sync] Stopped: Send Tab To Self
2025-05-08 00:17:58.026: [INFO][Sync] Stopped: Web Apps
2025-05-08 00:17:58.026: [INFO][Sync] Stopped: History
2025-05-08 00:17:58.026: [INFO][Sync] Stopped: Saved Tab Group
2025-05-08 00:17:58.026: [INFO][Sync] Stopped: Collection
2025-05-08 00:17:58.026: [INFO][Sync] Stopped: Edge E Drop
2025-05-08 00:17:58.026: [INFO][Sync] Stopped: Edge Hub App Usage
2025-05-08 00:17:58.026: [INFO][Sync] Stopped: Edge Tab Group
2025-05-08 00:17:58.026: [INFO][Sync] Stopped: Edge Wallet
2025-05-08 00:17:58.026: [INFO][Sync] SyncState after authenticated was: NotSignedIn
2025-05-08 00:17:58.195: [INFO][Sync] Reset engine, reason: 8
2025-05-08 00:17:58.195: [INFO][Sync] Stopped: Bookmarks
2025-05-08 00:17:58.195: [INFO][Sync] Stopped: Preferences
2025-05-08 00:17:58.195: [INFO][Sync] Stopped: Passwords
2025-05-08 00:17:58.195: [INFO][Sync] Stopped: Autofill Profiles
2025-05-08 00:17:58.195: [INFO][Sync] Stopped: Autofill
2025-05-08 00:17:58.195: [INFO][Sync] Stopped: Extensions
2025-05-08 00:17:58.195: [INFO][Sync] Stopped: Sessions
2025-05-08 00:17:58.195: [INFO][Sync] Stopped: Extension settings
2025-05-08 00:17:58.195: [INFO][Sync] Stopped: History Delete Directives
2025-05-08 00:17:58.195: [INFO][Sync] Stopped: Device Info
2025-05-08 00:17:58.195: [INFO][Sync] Stopped: User Consents
2025-05-08 00:17:58.195: [INFO][Sync] Stopped: Send Tab To Self
2025-05-08 00:17:58.195: [INFO][Sync] Stopped: Web Apps
2025-05-08 00:17:58.195: [INFO][Sync] Stopped: History
2025-05-08 00:17:58.195: [INFO][Sync] Stopped: Saved Tab Group
2025-05-08 00:17:58.195: [INFO][Sync] Stopped: Collection
2025-05-08 00:17:58.195: [INFO][Sync] Stopped: Edge E Drop
2025-05-08 00:17:58.195: [INFO][Sync] Stopped: Edge Hub App Usage
2025-05-08 00:17:58.195: [INFO][Sync] Stopped: Edge Tab Group
2025-05-08 00:17:58.195: [INFO][Sync] Stopped: Edge Wallet
2025-05-08 00:17:58.413: [INFO][Sync] Try to start sync engine
2025-05-08 00:17:58.414: [INFO][SyncManagerImpl::NudgeForInitialDownload] Initial download nudge for Encryption Keys
2025-05-08 00:17:58.414: [INFO][SyncEngineBackend::LoadAndConnectNigoriController] Load and connect Nigori controller
2025-05-08 00:17:58.414: [INFO][SyncEngineBackend::DoInitialize] Control Types added: Encryption Keys
2025-05-08 00:17:58.414: [INFO][SyncManagerImpl::ConfigureSyncer] Types to download: Encryption Keys with reason: 3
2025-05-08 00:17:58.415: [INFO][SyncSchedulerImpl::DoConfigurationSyncCycleJob] Configure job was blocked
2025-05-08 00:18:00.861: [INFO][SyncAuthManager::SetLastAuthError] Current auth error: None
2025-05-08 00:18:00.861: [INFO][SyncAuthManager::EdgeLogTokenErrorState] Token error with: None for account type: MSA
2025-05-08 00:18:00.861: [INFO][Sync] Credentials changed for: EdgeSyncScopeNew
2025-05-08 00:18:01.245: [INFO][SyncAuthManager::SetLastAuthError] Current auth error: None
2025-05-08 00:18:01.245: [INFO][SyncAuthManager::EdgeLogTokenErrorState] Token error with: None for account type: MSA
2025-05-08 00:18:01.245: [INFO][Sync] Credentials changed for: EdgeSyncKeyDataScope
2025-05-08 00:18:01.245: [INFO][SyncEngineBackend::DoUpdateKeyDataCredentials] Update key data credentials
2025-05-08 00:18:01.245: [INFO][SyncEngineBackend::DoUpdateCredentials] Update credentials
2025-05-08 00:18:01.245: [INFO][SyncSchedulerImpl::DoConfigurationSyncCycleJob] Blocked types:  and types to download: Encryption Keys
2025-05-08 00:18:02.259: [INFO][Sync] Started DataTypeManager configuration, reason: 4
2025-05-08 00:18:02.259: [INFO][Sync] Configuring for: Bookmarks, Preferences, Passwords, Autofill Profiles, Autofill, Extensions, Sessions, Extension settings, History Delete Directives, Device Info, User Consents, Send Tab To Self, Web Apps, History, Saved Tab Group, Collection, Edge E Drop, Edge Hub App Usage, Edge Tab Group, Edge Wallet, Encryption Keys, reason: 3, current state: 0
2025-05-08 00:18:02.259: [WARN][Sync] Crypto error data types: Passwords, Autofill Profiles, Autofill
2025-05-08 00:18:02.259: [INFO][Sync] Configure, desired: Bookmarks, Preferences, Extensions, Sessions, Extension settings, History Delete Directives, Device Info, User Consents, Send Tab To Self, Web Apps, History, Saved Tab Group, Collection, Edge E Drop, Edge Hub App Usage, Edge Tab Group, Edge Wallet, Encryption Keys; Allow fail: Passwords, Autofill Profiles, Autofill
2025-05-08 00:18:02.259: [INFO][Sync] Loading: Bookmarks
2025-05-08 00:18:02.259: [INFO][Sync] Loading: Preferences
2025-05-08 00:18:02.260: [INFO][Sync] Loading: Extensions
2025-05-08 00:18:02.260: [INFO][Sync] Loading: Sessions
2025-05-08 00:18:02.260: [INFO][Sync] Loading: Extension settings
2025-05-08 00:18:02.260: [INFO][Sync] Loading: History Delete Directives
2025-05-08 00:18:02.260: [INFO][Sync] Loading: Device Info
2025-05-08 00:18:02.260: [INFO][Sync] Loading: User Consents
2025-05-08 00:18:02.260: [INFO][Sync] Loading: Send Tab To Self
2025-05-08 00:18:02.260: [INFO][Sync] Loading: Web Apps
2025-05-08 00:18:02.260: [INFO][Sync] Loading: History
2025-05-08 00:18:02.260: [INFO][Sync] Loading: Saved Tab Group
2025-05-08 00:18:02.260: [INFO][Sync] Loading: Collection
2025-05-08 00:18:02.260: [INFO][Sync] Loading: Edge E Drop
2025-05-08 00:18:02.260: [INFO][Sync] Loading: Edge Hub App Usage
2025-05-08 00:18:02.260: [INFO][Sync] Loading: Edge Tab Group
2025-05-08 00:18:02.260: [INFO][Sync] Loading: Edge Wallet
2025-05-08 00:18:02.261: [INFO][Sync] All data types are ready for configure.
2025-05-08 00:18:05.270: [INFO][Sync] Started DataTypeManager configuration, reason: 5
2025-05-08 00:18:05.270: [INFO][Sync] Configuring for: Bookmarks, Preferences, Passwords, Autofill Profiles, Autofill, Extensions, Sessions, Extension settings, History Delete Directives, Device Info, User Consents, Send Tab To Self, Web Apps, History, Saved Tab Group, Collection, Edge E Drop, Edge Hub App Usage, Edge Tab Group, Edge Wallet, Encryption Keys, reason: 5, current state: 1
2025-05-08 00:18:05.274: [INFO][SyncEngineBackend::DoStartConfiguration] Start configuration
2025-05-08 00:18:05.274: [INFO][SyncManagerImpl::NudgeForInitialDownload] Initial download nudge for Bookmarks
2025-05-08 00:18:05.274: [INFO][SyncManagerImpl::NudgeForInitialDownload] Initial download nudge for Preferences
2025-05-08 00:18:05.274: [INFO][SyncManagerImpl::NudgeForInitialDownload] Initial download nudge for Extensions
2025-05-08 00:18:05.274: [INFO][SyncManagerImpl::NudgeForInitialDownload] Initial download nudge for Sessions
2025-05-08 00:18:05.274: [INFO][SyncManagerImpl::NudgeForInitialDownload] Initial download nudge for Extension settings
2025-05-08 00:18:05.274: [INFO][SyncManagerImpl::NudgeForInitialDownload] Initial download nudge for History Delete Directives
2025-05-08 00:18:05.274: [INFO][SyncManagerImpl::NudgeForInitialDownload] Initial download nudge for Device Info
2025-05-08 00:18:05.274: [INFO][SyncManagerImpl::NudgeForInitialDownload] Initial download nudge for Send Tab To Self
2025-05-08 00:18:05.274: [INFO][SyncManagerImpl::NudgeForInitialDownload] Initial download nudge for Web Apps
2025-05-08 00:18:05.274: [INFO][SyncManagerImpl::NudgeForInitialDownload] Initial download nudge for History
2025-05-08 00:18:05.274: [INFO][SyncManagerImpl::NudgeForInitialDownload] Initial download nudge for Saved Tab Group
2025-05-08 00:18:05.274: [INFO][SyncManagerImpl::NudgeForInitialDownload] Initial download nudge for Collection
2025-05-08 00:18:05.274: [INFO][SyncManagerImpl::NudgeForInitialDownload] Initial download nudge for Edge E Drop
2025-05-08 00:18:05.274: [INFO][SyncManagerImpl::NudgeForInitialDownload] Initial download nudge for Edge Hub App Usage
2025-05-08 00:18:05.274: [INFO][SyncManagerImpl::NudgeForInitialDownload] Initial download nudge for Edge Tab Group
2025-05-08 00:18:05.274: [INFO][SyncManagerImpl::NudgeForInitialDownload] Initial download nudge for Edge Wallet
2025-05-08 00:18:05.274: [INFO][SyncManagerImpl::ConfigureSyncer] Types to download:  with reason: 3
2025-05-08 00:18:05.274: [INFO][SyncEngineBackend::DoFinishConfigureDataTypes] Failed to download types:  and succeeded types: 
2025-05-08 00:18:05.274: [INFO][Sync] ConfigurationDone, failed: , succeeded: , remaining count: 4
2025-05-08 00:18:05.274: [WARN][Sync]     Reconfigure requested while configuration ongoing.
2025-05-08 00:18:05.274: [INFO][Sync] Configuring for: Bookmarks, Preferences, Passwords, Autofill Profiles, Autofill, Extensions, Sessions, Extension settings, History Delete Directives, Device Info, User Consents, Send Tab To Self, Web Apps, History, Saved Tab Group, Collection, Edge E Drop, Edge Hub App Usage, Edge Tab Group, Edge Wallet, Encryption Keys, reason: 5, current state: 2
2025-05-08 00:18:05.274: [INFO][Sync] Configure, desired: Bookmarks, Preferences, Passwords, Autofill Profiles, Autofill, Extensions, Sessions, Extension settings, History Delete Directives, Device Info, User Consents, Send Tab To Self, Web Apps, History, Saved Tab Group, Collection, Edge E Drop, Edge Hub App Usage, Edge Tab Group, Edge Wallet, Encryption Keys; Allow fail: 
2025-05-08 00:18:05.274: [INFO][Sync] Loading: Passwords
2025-05-08 00:18:05.274: [INFO][Sync] Loading: Autofill Profiles
2025-05-08 00:18:05.274: [INFO][Sync] Loading: Autofill
2025-05-08 00:18:05.274: [INFO][Sync] All data types are ready for configure.
2025-05-08 00:18:05.274: [INFO][SyncManagerImpl::NudgeForInitialDownload] Initial download nudge for Passwords
2025-05-08 00:18:05.274: [INFO][SyncManagerImpl::NudgeForInitialDownload] Initial download nudge for Autofill Profiles
2025-05-08 00:18:05.275: [INFO][SyncManagerImpl::NudgeForInitialDownload] Initial download nudge for Autofill
2025-05-08 00:18:05.275: [INFO][SyncManagerImpl::ConfigureSyncer] Types to download:  with reason: 5
2025-05-08 00:18:05.275: [INFO][SyncEngineBackend::DoFinishConfigureDataTypes] Failed to download types:  and succeeded types: 
2025-05-08 00:18:05.275: [INFO][Sync] ConfigurationDone, failed: , succeeded: , remaining count: 4
2025-05-08 00:18:05.275: [INFO][Sync] Prepare to configure types: Preferences, Passwords, Device Info, Send Tab To Self, Edge E Drop, Encryption Keys
2025-05-08 00:18:05.275: [INFO][SyncManagerImpl::ConfigureSyncer] Types to download: Preferences, Passwords, Device Info, Send Tab To Self, Edge E Drop, Encryption Keys with reason: 5
2025-05-08 00:18:05.275: [INFO][SyncSchedulerImpl::DoConfigurationSyncCycleJob] Blocked types:  and types to download: Preferences, Passwords, Device Info, Send Tab To Self, Edge E Drop, Encryption Keys
2025-05-08 00:18:05.731: [INFO][SyncEngineBackend::DoFinishConfigureDataTypes] Failed to download types:  and succeeded types: Preferences, Passwords, Device Info, Send Tab To Self, Edge E Drop, Encryption Keys
2025-05-08 00:18:05.734: [INFO][Sync] ConfigurationDone, failed: , succeeded: Preferences, Passwords, Device Info, Send Tab To Self, Edge E Drop, Encryption Keys, remaining count: 3
2025-05-08 00:18:05.734: [INFO][Sync] Prepare to configure types: Bookmarks, Encryption Keys
2025-05-08 00:18:05.734: [INFO][SyncManagerImpl::ConfigureSyncer] Types to download: Bookmarks, Encryption Keys with reason: 5
2025-05-08 00:18:05.734: [INFO][SyncSchedulerImpl::DoConfigurationSyncCycleJob] Blocked types:  and types to download: Bookmarks, Encryption Keys
2025-05-08 00:18:06.076: [INFO][SyncEngineBackend::DoFinishConfigureDataTypes] Failed to download types:  and succeeded types: Bookmarks, Encryption Keys
2025-05-08 00:18:06.076: [INFO][Sync] ConfigurationDone, failed: , succeeded: Bookmarks, Encryption Keys, remaining count: 2
2025-05-08 00:18:06.076: [INFO][Sync] Prepare to configure types: Autofill Profiles, Autofill, Extensions, Sessions, Extension settings, History Delete Directives, Web Apps, Saved Tab Group, Collection, Edge Hub App Usage, Edge Tab Group, Edge Wallet, Encryption Keys
2025-05-08 00:18:06.076: [INFO][SyncManagerImpl::ConfigureSyncer] Types to download: Autofill Profiles, Autofill, Extensions, Sessions, Extension settings, History Delete Directives, Web Apps, Saved Tab Group, Collection, Edge Hub App Usage, Edge Tab Group, Edge Wallet, Encryption Keys with reason: 5
2025-05-08 00:18:06.076: [INFO][SyncSchedulerImpl::DoConfigurationSyncCycleJob] Blocked types:  and types to download: Autofill Profiles, Autofill, Extensions, Sessions, Extension settings, History Delete Directives, Web Apps, Saved Tab Group, Collection, Edge Hub App Usage, Edge Tab Group, Edge Wallet, Encryption Keys
2025-05-08 00:18:06.387: [INFO][SyncEngineBackend::DoFinishConfigureDataTypes] Failed to download types:  and succeeded types: Autofill Profiles, Autofill, Extensions, Sessions, Extension settings, History Delete Directives, Web Apps, Saved Tab Group, Collection, Edge Hub App Usage, Edge Tab Group, Edge Wallet, Encryption Keys
2025-05-08 00:18:06.387: [INFO][Sync] ConfigurationDone, failed: , succeeded: Autofill Profiles, Autofill, Extensions, Sessions, Extension settings, History Delete Directives, Web Apps, Saved Tab Group, Collection, Edge Hub App Usage, Edge Tab Group, Edge Wallet, Encryption Keys, remaining count: 1
2025-05-08 00:18:06.388: [INFO][Sync] Prepare to configure types: History, Encryption Keys
2025-05-08 00:18:06.388: [INFO][SyncManagerImpl::ConfigureSyncer] Types to download: History, Encryption Keys with reason: 5
2025-05-08 00:18:06.388: [INFO][SyncSchedulerImpl::DoConfigurationSyncCycleJob] Blocked types:  and types to download: History, Encryption Keys
2025-05-08 00:18:06.886: [INFO][SyncEngineBackend::DoFinishConfigureDataTypes] Failed to download types:  and succeeded types: History, Encryption Keys
2025-05-08 00:18:06.887: [INFO][Sync] ConfigurationDone, failed: , succeeded: History, Encryption Keys, remaining count: 0
2025-05-08 00:18:06.888: [INFO][Sync]     Configuration completed, state: 7
2025-05-08 00:18:06.888: [INFO][Sync] Configured DataTypeManager: Ok
2025-05-08 00:18:06.889: [INFO][SyncEngineBackend::DoStartSyncing] Start syncing
2025-05-08 00:21:25.558: [INFO][Sync] Reset engine, reason: 0
2025-05-08 00:21:25.558: [INFO][Sync] Reset engine with reason: 0
2025-05-08 00:21:53.163: [INFO][Sync] SyncState after authenticated was: FeatureCanStart
2025-05-08 00:21:53.511: [INFO][Sync] Try to start sync engine
2025-05-08 00:21:53.513: [INFO][SyncManagerImpl::NudgeForInitialDownload] Initial download nudge for Encryption Keys
2025-05-08 00:21:53.513: [INFO][SyncEngineBackend::LoadAndConnectNigoriController] Load and connect Nigori controller
2025-05-08 00:21:53.513: [INFO][SyncEngineBackend::DoInitialize] Control Types added: Encryption Keys
2025-05-08 00:21:53.513: [INFO][SyncManagerImpl::ConfigureSyncer] Types to download: Encryption Keys with reason: 3
2025-05-08 00:21:53.513: [INFO][SyncSchedulerImpl::DoConfigurationSyncCycleJob] Configure job was blocked
2025-05-08 00:21:53.568: [INFO][SyncAuthManager::SetLastAuthError] Current auth error: None
2025-05-08 00:21:53.568: [INFO][SyncAuthManager::EdgeLogTokenErrorState] Token error with: None for account type: MSA
2025-05-08 00:21:53.568: [INFO][Sync] Credentials changed for: EdgeSyncScopeNew
2025-05-08 00:21:54.221: [INFO][SyncAuthManager::SetLastAuthError] Current auth error: None
2025-05-08 00:21:54.221: [INFO][SyncAuthManager::EdgeLogTokenErrorState] Token error with: None for account type: MSA
2025-05-08 00:21:54.221: [INFO][Sync] Credentials changed for: EdgeSyncKeyDataScope
2025-05-08 00:21:54.221: [INFO][SyncEngineBackend::DoUpdateKeyDataCredentials] Update key data credentials
2025-05-08 00:21:54.221: [INFO][SyncEngineBackend::DoUpdateCredentials] Update credentials
2025-05-08 00:21:54.221: [INFO][SyncSchedulerImpl::DoConfigurationSyncCycleJob] Blocked types:  and types to download: Encryption Keys
2025-05-08 00:21:56.092: [INFO][Sync] Started DataTypeManager configuration, reason: 4
2025-05-08 00:21:56.093: [INFO][Sync] Configuring for: Bookmarks, Preferences, Passwords, Autofill Profiles, Autofill, Extensions, Sessions, Extension settings, History Delete Directives, Device Info, User Consents, Send Tab To Self, Web Apps, History, Saved Tab Group, Collection, Edge E Drop, Edge Hub App Usage, Edge Tab Group, Edge Wallet, Encryption Keys, reason: 4, current state: 0
2025-05-08 00:21:56.093: [WARN][Sync] Crypto error data types: Passwords, Autofill Profiles, Autofill
2025-05-08 00:21:56.095: [INFO][Sync] Configure, desired: Bookmarks, Preferences, Extensions, Sessions, Extension settings, History Delete Directives, Device Info, User Consents, Send Tab To Self, Web Apps, History, Saved Tab Group, Collection, Edge E Drop, Edge Hub App Usage, Edge Tab Group, Edge Wallet, Encryption Keys; Allow fail: Passwords, Autofill Profiles, Autofill
2025-05-08 00:21:56.095: [INFO][Sync] Loading: Bookmarks
2025-05-08 00:21:56.095: [INFO][Sync] Loading: Preferences
2025-05-08 00:21:56.095: [INFO][Sync] Loading: Extensions
2025-05-08 00:21:56.095: [INFO][Sync] Loading: Sessions
2025-05-08 00:21:56.095: [INFO][Sync] Loading: Extension settings
2025-05-08 00:21:56.095: [INFO][Sync] Loading: History Delete Directives
2025-05-08 00:21:56.095: [INFO][Sync] Loading: Device Info
2025-05-08 00:21:56.095: [INFO][Sync] Loading: User Consents
2025-05-08 00:21:56.095: [INFO][Sync] Loading: Send Tab To Self
2025-05-08 00:21:56.095: [INFO][Sync] Loading: Web Apps
2025-05-08 00:21:56.095: [INFO][Sync] Loading: History
2025-05-08 00:21:56.095: [INFO][Sync] Loading: Saved Tab Group
2025-05-08 00:21:56.095: [INFO][Sync] Loading: Collection
2025-05-08 00:21:56.095: [INFO][Sync] Loading: Edge E Drop
2025-05-08 00:21:56.095: [INFO][Sync] Loading: Edge Hub App Usage
2025-05-08 00:21:56.095: [INFO][Sync] Loading: Edge Tab Group
2025-05-08 00:21:56.095: [INFO][Sync] Loading: Edge Wallet
2025-05-08 00:21:56.108: [INFO][Sync] All data types are ready for configure.
2025-05-08 00:21:58.079: [INFO][Sync] Started DataTypeManager configuration, reason: 5
2025-05-08 00:21:58.079: [INFO][Sync] Configuring for: Bookmarks, Preferences, Passwords, Autofill Profiles, Autofill, Extensions, Sessions, Extension settings, History Delete Directives, Device Info, User Consents, Send Tab To Self, Web Apps, History, Saved Tab Group, Collection, Edge E Drop, Edge Hub App Usage, Edge Tab Group, Edge Wallet, Encryption Keys, reason: 5, current state: 1
2025-05-08 00:21:58.084: [INFO][SyncEngineBackend::DoStartConfiguration] Start configuration
2025-05-08 00:21:58.084: [INFO][SyncManagerImpl::ConfigureSyncer] Types to download:  with reason: 4
2025-05-08 00:21:58.084: [INFO][SyncEngineBackend::DoFinishConfigureDataTypes] Failed to download types:  and succeeded types: 
2025-05-08 00:21:58.084: [INFO][Sync] ConfigurationDone, failed: , succeeded: , remaining count: 4
2025-05-08 00:21:58.084: [WARN][Sync]     Reconfigure requested while configuration ongoing.
2025-05-08 00:21:58.084: [INFO][Sync] Configuring for: Bookmarks, Preferences, Passwords, Autofill Profiles, Autofill, Extensions, Sessions, Extension settings, History Delete Directives, Device Info, User Consents, Send Tab To Self, Web Apps, History, Saved Tab Group, Collection, Edge E Drop, Edge Hub App Usage, Edge Tab Group, Edge Wallet, Encryption Keys, reason: 5, current state: 2
2025-05-08 00:21:58.084: [INFO][Sync] Configure, desired: Bookmarks, Preferences, Passwords, Autofill Profiles, Autofill, Extensions, Sessions, Extension settings, History Delete Directives, Device Info, User Consents, Send Tab To Self, Web Apps, History, Saved Tab Group, Collection, Edge E Drop, Edge Hub App Usage, Edge Tab Group, Edge Wallet, Encryption Keys; Allow fail: 
2025-05-08 00:21:58.084: [INFO][Sync] Loading: Passwords
2025-05-08 00:21:58.084: [INFO][Sync] Loading: Autofill Profiles
2025-05-08 00:21:58.084: [INFO][Sync] Loading: Autofill
2025-05-08 00:21:58.085: [INFO][Sync] All data types are ready for configure.
2025-05-08 00:21:58.085: [INFO][SyncManagerImpl::ConfigureSyncer] Types to download:  with reason: 5
2025-05-08 00:21:58.085: [INFO][SyncEngineBackend::DoFinishConfigureDataTypes] Failed to download types:  and succeeded types: 
2025-05-08 00:21:58.085: [INFO][Sync] ConfigurationDone, failed: , succeeded: , remaining count: 4
2025-05-08 00:21:58.085: [INFO][SyncManagerImpl::ConfigureSyncer] Types to download:  with reason: 5
2025-05-08 00:21:58.085: [INFO][SyncEngineBackend::DoFinishConfigureDataTypes] Failed to download types:  and succeeded types: 
2025-05-08 00:21:58.085: [INFO][Sync] ConfigurationDone, failed: , succeeded: , remaining count: 3
2025-05-08 00:21:58.085: [INFO][SyncManagerImpl::ConfigureSyncer] Types to download:  with reason: 5
2025-05-08 00:21:58.085: [INFO][SyncEngineBackend::DoFinishConfigureDataTypes] Failed to download types:  and succeeded types: 
2025-05-08 00:21:58.085: [INFO][Sync] ConfigurationDone, failed: , succeeded: , remaining count: 2
2025-05-08 00:21:58.085: [INFO][SyncManagerImpl::ConfigureSyncer] Types to download:  with reason: 5
2025-05-08 00:21:58.085: [INFO][SyncEngineBackend::DoFinishConfigureDataTypes] Failed to download types:  and succeeded types: 
2025-05-08 00:21:58.085: [INFO][Sync] ConfigurationDone, failed: , succeeded: , remaining count: 1
2025-05-08 00:21:58.087: [INFO][SyncManagerImpl::ConfigureSyncer] Types to download:  with reason: 5
2025-05-08 00:21:58.087: [INFO][SyncEngineBackend::DoFinishConfigureDataTypes] Failed to download types:  and succeeded types: 
2025-05-08 00:21:58.087: [INFO][Sync] ConfigurationDone, failed: , succeeded: , remaining count: 0
2025-05-08 00:21:58.088: [INFO][Sync]     Configuration completed, state: 7
2025-05-08 00:21:58.089: [INFO][Sync] Configured DataTypeManager: Ok
2025-05-08 00:21:58.090: [INFO][SyncEngineBackend::DoStartSyncing] Start syncing
2025-05-08 00:24:01.718: [INFO][Sync] Reset engine, reason: 0
2025-05-08 00:24:01.718: [INFO][Sync] Reset engine with reason: 0
2025-05-08 00:24:26.969: [INFO][Sync] SyncState after authenticated was: FeatureCanStart
2025-05-08 00:24:27.313: [INFO][Sync] Try to start sync engine
2025-05-08 00:24:27.315: [INFO][SyncManagerImpl::NudgeForInitialDownload] Initial download nudge for Encryption Keys
2025-05-08 00:24:27.315: [INFO][SyncEngineBackend::LoadAndConnectNigoriController] Load and connect Nigori controller
2025-05-08 00:24:27.315: [INFO][SyncEngineBackend::DoInitialize] Control Types added: Encryption Keys
2025-05-08 00:24:27.315: [INFO][SyncManagerImpl::ConfigureSyncer] Types to download: Encryption Keys with reason: 3
2025-05-08 00:24:27.315: [INFO][SyncSchedulerImpl::DoConfigurationSyncCycleJob] Configure job was blocked
2025-05-08 00:24:27.361: [INFO][SyncAuthManager::SetLastAuthError] Current auth error: None
2025-05-08 00:24:27.361: [INFO][SyncAuthManager::EdgeLogTokenErrorState] Token error with: None for account type: MSA
2025-05-08 00:24:27.361: [INFO][Sync] Credentials changed for: EdgeSyncScopeNew
2025-05-08 00:24:28.046: [INFO][SyncAuthManager::SetLastAuthError] Current auth error: None
2025-05-08 00:24:28.046: [INFO][SyncAuthManager::EdgeLogTokenErrorState] Token error with: None for account type: MSA
2025-05-08 00:24:28.046: [INFO][Sync] Credentials changed for: EdgeSyncKeyDataScope
2025-05-08 00:24:28.046: [INFO][SyncEngineBackend::DoUpdateKeyDataCredentials] Update key data credentials
2025-05-08 00:24:28.046: [INFO][SyncEngineBackend::DoUpdateCredentials] Update credentials
2025-05-08 00:24:28.047: [INFO][SyncSchedulerImpl::DoConfigurationSyncCycleJob] Blocked types:  and types to download: Encryption Keys
2025-05-08 00:24:29.875: [INFO][Sync] Started DataTypeManager configuration, reason: 4
2025-05-08 00:24:29.875: [INFO][Sync] Configuring for: Bookmarks, Preferences, Passwords, Autofill Profiles, Autofill, Extensions, Sessions, Extension settings, History Delete Directives, Device Info, User Consents, Send Tab To Self, Web Apps, History, Saved Tab Group, Collection, Edge E Drop, Edge Hub App Usage, Edge Tab Group, Edge Wallet, Encryption Keys, reason: 4, current state: 0
2025-05-08 00:24:29.875: [WARN][Sync] Crypto error data types: Passwords, Autofill Profiles, Autofill
2025-05-08 00:24:29.876: [INFO][Sync] Configure, desired: Bookmarks, Preferences, Extensions, Sessions, Extension settings, History Delete Directives, Device Info, User Consents, Send Tab To Self, Web Apps, History, Saved Tab Group, Collection, Edge E Drop, Edge Hub App Usage, Edge Tab Group, Edge Wallet, Encryption Keys; Allow fail: Passwords, Autofill Profiles, Autofill
2025-05-08 00:24:29.876: [INFO][Sync] Loading: Bookmarks
2025-05-08 00:24:29.876: [INFO][Sync] Loading: Preferences
2025-05-08 00:24:29.876: [INFO][Sync] Loading: Extensions
2025-05-08 00:24:29.876: [INFO][Sync] Loading: Sessions
2025-05-08 00:24:29.876: [INFO][Sync] Loading: Extension settings
2025-05-08 00:24:29.876: [INFO][Sync] Loading: History Delete Directives
2025-05-08 00:24:29.876: [INFO][Sync] Loading: Device Info
2025-05-08 00:24:29.876: [INFO][Sync] Loading: User Consents
2025-05-08 00:24:29.876: [INFO][Sync] Loading: Send Tab To Self
2025-05-08 00:24:29.876: [INFO][Sync] Loading: Web Apps
2025-05-08 00:24:29.876: [INFO][Sync] Loading: History
2025-05-08 00:24:29.876: [INFO][Sync] Loading: Saved Tab Group
2025-05-08 00:24:29.876: [INFO][Sync] Loading: Collection
2025-05-08 00:24:29.876: [INFO][Sync] Loading: Edge E Drop
2025-05-08 00:24:29.876: [INFO][Sync] Loading: Edge Hub App Usage
2025-05-08 00:24:29.876: [INFO][Sync] Loading: Edge Tab Group
2025-05-08 00:24:29.876: [INFO][Sync] Loading: Edge Wallet
2025-05-08 00:24:29.881: [INFO][Sync] All data types are ready for configure.
2025-05-08 00:24:31.863: [INFO][Sync] Started DataTypeManager configuration, reason: 5
2025-05-08 00:24:31.863: [INFO][Sync] Configuring for: Bookmarks, Preferences, Passwords, Autofill Profiles, Autofill, Extensions, Sessions, Extension settings, History Delete Directives, Device Info, User Consents, Send Tab To Self, Web Apps, History, Saved Tab Group, Collection, Edge E Drop, Edge Hub App Usage, Edge Tab Group, Edge Wallet, Encryption Keys, reason: 5, current state: 1
2025-05-08 00:24:31.868: [INFO][SyncEngineBackend::DoStartConfiguration] Start configuration
2025-05-08 00:24:31.868: [INFO][SyncManagerImpl::ConfigureSyncer] Types to download:  with reason: 4
2025-05-08 00:24:31.868: [INFO][SyncEngineBackend::DoFinishConfigureDataTypes] Failed to download types:  and succeeded types: 
2025-05-08 00:24:31.869: [INFO][Sync] ConfigurationDone, failed: , succeeded: , remaining count: 4
2025-05-08 00:24:31.869: [WARN][Sync]     Reconfigure requested while configuration ongoing.
2025-05-08 00:24:31.869: [INFO][Sync] Configuring for: Bookmarks, Preferences, Passwords, Autofill Profiles, Autofill, Extensions, Sessions, Extension settings, History Delete Directives, Device Info, User Consents, Send Tab To Self, Web Apps, History, Saved Tab Group, Collection, Edge E Drop, Edge Hub App Usage, Edge Tab Group, Edge Wallet, Encryption Keys, reason: 5, current state: 2
2025-05-08 00:24:31.869: [INFO][Sync] Configure, desired: Bookmarks, Preferences, Passwords, Autofill Profiles, Autofill, Extensions, Sessions, Extension settings, History Delete Directives, Device Info, User Consents, Send Tab To Self, Web Apps, History, Saved Tab Group, Collection, Edge E Drop, Edge Hub App Usage, Edge Tab Group, Edge Wallet, Encryption Keys; Allow fail: 
2025-05-08 00:24:31.869: [INFO][Sync] Loading: Passwords
2025-05-08 00:24:31.869: [INFO][Sync] Loading: Autofill Profiles
2025-05-08 00:24:31.869: [INFO][Sync] Loading: Autofill
2025-05-08 00:24:31.869: [INFO][Sync] All data types are ready for configure.
2025-05-08 00:24:31.869: [INFO][SyncManagerImpl::ConfigureSyncer] Types to download:  with reason: 5
2025-05-08 00:24:31.869: [INFO][SyncEngineBackend::DoFinishConfigureDataTypes] Failed to download types:  and succeeded types: 
2025-05-08 00:24:31.869: [INFO][Sync] ConfigurationDone, failed: , succeeded: , remaining count: 4
2025-05-08 00:24:31.870: [INFO][SyncManagerImpl::ConfigureSyncer] Types to download:  with reason: 5
2025-05-08 00:24:31.870: [INFO][SyncEngineBackend::DoFinishConfigureDataTypes] Failed to download types:  and succeeded types: 
2025-05-08 00:24:31.870: [INFO][Sync] ConfigurationDone, failed: , succeeded: , remaining count: 3
2025-05-08 00:24:31.870: [INFO][SyncManagerImpl::ConfigureSyncer] Types to download:  with reason: 5
2025-05-08 00:24:31.870: [INFO][SyncEngineBackend::DoFinishConfigureDataTypes] Failed to download types:  and succeeded types: 
2025-05-08 00:24:31.870: [INFO][Sync] ConfigurationDone, failed: , succeeded: , remaining count: 2
2025-05-08 00:24:31.870: [INFO][SyncManagerImpl::ConfigureSyncer] Types to download:  with reason: 5
2025-05-08 00:24:31.870: [INFO][SyncEngineBackend::DoFinishConfigureDataTypes] Failed to download types:  and succeeded types: 
2025-05-08 00:24:31.870: [INFO][Sync] ConfigurationDone, failed: , succeeded: , remaining count: 1
2025-05-08 00:24:31.871: [INFO][SyncManagerImpl::ConfigureSyncer] Types to download:  with reason: 5
2025-05-08 00:24:31.871: [INFO][SyncEngineBackend::DoFinishConfigureDataTypes] Failed to download types:  and succeeded types: 
2025-05-08 00:24:31.871: [INFO][Sync] ConfigurationDone, failed: , succeeded: , remaining count: 0
2025-05-08 00:24:31.872: [INFO][Sync]     Configuration completed, state: 7
2025-05-08 00:24:31.872: [INFO][Sync] Configured DataTypeManager: Ok
2025-05-08 00:24:31.873: [INFO][SyncEngineBackend::DoStartSyncing] Start syncing
2025-05-08 00:25:18.443: [INFO][Sync] Reset engine, reason: 0
2025-05-08 00:25:18.443: [INFO][Sync] Reset engine with reason: 0
2025-05-15 19:28:46.613: [INFO][Sync] SyncState after authenticated was: FeatureCanStart
2025-05-15 19:28:46.955: [INFO][Sync] Try to start sync engine
2025-05-15 19:28:46.957: [INFO][SyncManagerImpl::NudgeForInitialDownload] Initial download nudge for Encryption Keys
2025-05-15 19:28:46.957: [INFO][SyncEngineBackend::LoadAndConnectNigoriController] Load and connect Nigori controller
2025-05-15 19:28:46.957: [INFO][SyncEngineBackend::DoInitialize] Control Types added: Encryption Keys
2025-05-15 19:28:46.957: [INFO][SyncManagerImpl::ConfigureSyncer] Types to download: Encryption Keys with reason: 3
2025-05-15 19:28:46.957: [INFO][SyncSchedulerImpl::DoConfigurationSyncCycleJob] Configure job was blocked
2025-05-15 19:28:47.928: [INFO][SyncAuthManager::SetLastAuthError] Current auth error: None
2025-05-15 19:28:47.929: [INFO][SyncAuthManager::EdgeLogTokenErrorState] Token error with: None for account type: MSA
2025-05-15 19:28:47.929: [INFO][Sync] Credentials changed for: EdgeSyncKeyDataScope
2025-05-15 19:28:47.929: [INFO][SyncEngineBackend::DoUpdateKeyDataCredentials] Update key data credentials
2025-05-15 19:28:48.177: [INFO][SyncAuthManager::SetLastAuthError] Current auth error: None
2025-05-15 19:28:48.177: [INFO][SyncAuthManager::EdgeLogTokenErrorState] Token error with: None for account type: MSA
2025-05-15 19:28:48.177: [INFO][Sync] Credentials changed for: EdgeSyncScopeNew
2025-05-15 19:28:48.177: [INFO][SyncEngineBackend::DoUpdateCredentials] Update credentials
2025-05-15 19:28:48.177: [INFO][SyncEngineBackend::DoUpdateKeyDataCredentials] Update key data credentials
2025-05-15 19:28:48.178: [INFO][SyncSchedulerImpl::DoConfigurationSyncCycleJob] Blocked types:  and types to download: Encryption Keys
2025-05-15 19:28:49.436: [INFO][Sync] Started DataTypeManager configuration, reason: 4
2025-05-15 19:28:49.436: [INFO][Sync] Configuring for: Bookmarks, Preferences, Passwords, Autofill Profiles, Autofill, Extensions, Sessions, Extension settings, History Delete Directives, Device Info, User Consents, Send Tab To Self, Web Apps, History, Saved Tab Group, Collection, Edge E Drop, Edge Hub App Usage, Edge Tab Group, Edge Wallet, Encryption Keys, reason: 4, current state: 0
2025-05-15 19:28:49.436: [WARN][Sync] Crypto error data types: Passwords, Autofill Profiles, Autofill
2025-05-15 19:28:49.438: [INFO][Sync] Configure, desired: Bookmarks, Preferences, Extensions, Sessions, Extension settings, History Delete Directives, Device Info, User Consents, Send Tab To Self, Web Apps, History, Saved Tab Group, Collection, Edge E Drop, Edge Hub App Usage, Edge Tab Group, Edge Wallet, Encryption Keys; Allow fail: Passwords, Autofill Profiles, Autofill
2025-05-15 19:28:49.438: [INFO][Sync] Loading: Bookmarks
2025-05-15 19:28:49.438: [INFO][Sync] Loading: Preferences
2025-05-15 19:28:49.438: [INFO][Sync] Loading: Extensions
2025-05-15 19:28:49.438: [INFO][Sync] Loading: Sessions
2025-05-15 19:28:49.438: [INFO][Sync] Loading: Extension settings
2025-05-15 19:28:49.438: [INFO][Sync] Loading: History Delete Directives
2025-05-15 19:28:49.438: [INFO][Sync] Loading: Device Info
2025-05-15 19:28:49.439: [INFO][Sync] Loading: User Consents
2025-05-15 19:28:49.439: [INFO][Sync] Loading: Send Tab To Self
2025-05-15 19:28:49.439: [INFO][Sync] Loading: Web Apps
2025-05-15 19:28:49.439: [INFO][Sync] Loading: History
2025-05-15 19:28:49.439: [INFO][Sync] Loading: Saved Tab Group
2025-05-15 19:28:49.439: [INFO][Sync] Loading: Collection
2025-05-15 19:28:49.439: [INFO][Sync] Loading: Edge E Drop
2025-05-15 19:28:49.439: [INFO][Sync] Loading: Edge Hub App Usage
2025-05-15 19:28:49.439: [INFO][Sync] Loading: Edge Tab Group
2025-05-15 19:28:49.439: [INFO][Sync] Loading: Edge Wallet
2025-05-15 19:28:49.442: [INFO][Sync] All data types are ready for configure.
2025-05-15 19:28:50.244: [INFO][Sync] Started DataTypeManager configuration, reason: 5
2025-05-15 19:28:50.245: [INFO][Sync] Configuring for: Bookmarks, Preferences, Passwords, Autofill Profiles, Autofill, Extensions, Sessions, Extension settings, History Delete Directives, Device Info, User Consents, Send Tab To Self, Web Apps, History, Saved Tab Group, Collection, Edge E Drop, Edge Hub App Usage, Edge Tab Group, Edge Wallet, Encryption Keys, reason: 5, current state: 1
2025-05-15 19:28:50.250: [INFO][SyncEngineBackend::DoStartConfiguration] Start configuration
2025-05-15 19:28:50.250: [INFO][SyncManagerImpl::ConfigureSyncer] Types to download:  with reason: 4
2025-05-15 19:28:50.250: [INFO][SyncEngineBackend::DoFinishConfigureDataTypes] Failed to download types:  and succeeded types: 
2025-05-15 19:28:50.250: [INFO][Sync] ConfigurationDone, failed: , succeeded: , remaining count: 4
2025-05-15 19:28:50.250: [WARN][Sync]     Reconfigure requested while configuration ongoing.
2025-05-15 19:28:50.250: [INFO][Sync] Configuring for: Bookmarks, Preferences, Passwords, Autofill Profiles, Autofill, Extensions, Sessions, Extension settings, History Delete Directives, Device Info, User Consents, Send Tab To Self, Web Apps, History, Saved Tab Group, Collection, Edge E Drop, Edge Hub App Usage, Edge Tab Group, Edge Wallet, Encryption Keys, reason: 5, current state: 2
2025-05-15 19:28:50.250: [INFO][Sync] Configure, desired: Bookmarks, Preferences, Passwords, Autofill Profiles, Autofill, Extensions, Sessions, Extension settings, History Delete Directives, Device Info, User Consents, Send Tab To Self, Web Apps, History, Saved Tab Group, Collection, Edge E Drop, Edge Hub App Usage, Edge Tab Group, Edge Wallet, Encryption Keys; Allow fail: 
2025-05-15 19:28:50.250: [INFO][Sync] Loading: Passwords
2025-05-15 19:28:50.250: [INFO][Sync] Loading: Autofill Profiles
2025-05-15 19:28:50.250: [INFO][Sync] Loading: Autofill
2025-05-15 19:28:50.250: [INFO][Sync] All data types are ready for configure.
2025-05-15 19:28:50.251: [INFO][SyncManagerImpl::ConfigureSyncer] Types to download:  with reason: 5
2025-05-15 19:28:50.251: [INFO][SyncEngineBackend::DoFinishConfigureDataTypes] Failed to download types:  and succeeded types: 
2025-05-15 19:28:50.251: [INFO][Sync] ConfigurationDone, failed: , succeeded: , remaining count: 4
2025-05-15 19:28:50.251: [INFO][SyncManagerImpl::ConfigureSyncer] Types to download:  with reason: 5
2025-05-15 19:28:50.251: [INFO][SyncEngineBackend::DoFinishConfigureDataTypes] Failed to download types:  and succeeded types: 
2025-05-15 19:28:50.251: [INFO][Sync] ConfigurationDone, failed: , succeeded: , remaining count: 3
2025-05-15 19:28:50.251: [INFO][SyncManagerImpl::ConfigureSyncer] Types to download:  with reason: 5
2025-05-15 19:28:50.251: [INFO][SyncEngineBackend::DoFinishConfigureDataTypes] Failed to download types:  and succeeded types: 
2025-05-15 19:28:50.251: [INFO][Sync] ConfigurationDone, failed: , succeeded: , remaining count: 2
2025-05-15 19:28:50.251: [INFO][SyncManagerImpl::ConfigureSyncer] Types to download:  with reason: 5
2025-05-15 19:28:50.251: [INFO][SyncEngineBackend::DoFinishConfigureDataTypes] Failed to download types:  and succeeded types: 
2025-05-15 19:28:50.251: [INFO][Sync] ConfigurationDone, failed: , succeeded: , remaining count: 1
2025-05-15 19:28:50.253: [INFO][SyncManagerImpl::ConfigureSyncer] Types to download:  with reason: 5
2025-05-15 19:28:50.253: [INFO][SyncEngineBackend::DoFinishConfigureDataTypes] Failed to download types:  and succeeded types: 
2025-05-15 19:28:50.256: [INFO][Sync] ConfigurationDone, failed: , succeeded: , remaining count: 0
2025-05-15 19:28:50.257: [INFO][Sync]     Configuration completed, state: 7
2025-05-15 19:28:50.257: [INFO][Sync] Configured DataTypeManager: Ok
2025-05-15 19:28:50.258: [INFO][SyncEngineBackend::DoStartSyncing] Start syncing
2025-05-15 19:30:42.095: [INFO][Sync] Reset engine, reason: 0
2025-05-15 19:30:42.095: [INFO][Sync] Reset engine with reason: 0
2025-05-15 19:31:17.587: [INFO][Sync] SyncState after authenticated was: FeatureCanStart
2025-05-15 19:31:17.947: [INFO][Sync] Try to start sync engine
2025-05-15 19:31:17.948: [INFO][SyncManagerImpl::NudgeForInitialDownload] Initial download nudge for Encryption Keys
2025-05-15 19:31:17.948: [INFO][SyncEngineBackend::LoadAndConnectNigoriController] Load and connect Nigori controller
2025-05-15 19:31:17.948: [INFO][SyncEngineBackend::DoInitialize] Control Types added: Encryption Keys
2025-05-15 19:31:17.948: [INFO][SyncManagerImpl::ConfigureSyncer] Types to download: Encryption Keys with reason: 3
2025-05-15 19:31:17.948: [INFO][SyncSchedulerImpl::DoConfigurationSyncCycleJob] Configure job was blocked
2025-05-15 19:31:17.990: [INFO][SyncAuthManager::SetLastAuthError] Current auth error: None
2025-05-15 19:31:17.990: [INFO][SyncAuthManager::EdgeLogTokenErrorState] Token error with: None for account type: MSA
2025-05-15 19:31:17.990: [INFO][Sync] Credentials changed for: EdgeSyncScopeNew
2025-05-15 19:31:19.023: [INFO][SyncAuthManager::SetLastAuthError] Current auth error: None
2025-05-15 19:31:19.023: [INFO][SyncAuthManager::EdgeLogTokenErrorState] Token error with: None for account type: MSA
2025-05-15 19:31:19.023: [INFO][Sync] Credentials changed for: EdgeSyncKeyDataScope
2025-05-15 19:31:19.023: [INFO][SyncEngineBackend::DoUpdateKeyDataCredentials] Update key data credentials
2025-05-15 19:31:19.023: [INFO][SyncEngineBackend::DoUpdateCredentials] Update credentials
2025-05-15 19:31:19.024: [INFO][SyncSchedulerImpl::DoConfigurationSyncCycleJob] Blocked types:  and types to download: Encryption Keys
2025-05-15 19:31:19.872: [INFO][Sync] Started DataTypeManager configuration, reason: 4
2025-05-15 19:31:19.872: [INFO][Sync] Configuring for: Bookmarks, Preferences, Passwords, Autofill Profiles, Autofill, Extensions, Sessions, Extension settings, History Delete Directives, Device Info, User Consents, Send Tab To Self, Web Apps, History, Saved Tab Group, Collection, Edge E Drop, Edge Hub App Usage, Edge Tab Group, Edge Wallet, Encryption Keys, reason: 4, current state: 0
2025-05-15 19:31:19.872: [WARN][Sync] Crypto error data types: Passwords, Autofill Profiles, Autofill
2025-05-15 19:31:19.875: [INFO][Sync] Configure, desired: Bookmarks, Preferences, Extensions, Sessions, Extension settings, History Delete Directives, Device Info, User Consents, Send Tab To Self, Web Apps, History, Saved Tab Group, Collection, Edge E Drop, Edge Hub App Usage, Edge Tab Group, Edge Wallet, Encryption Keys; Allow fail: Passwords, Autofill Profiles, Autofill
2025-05-15 19:31:19.875: [INFO][Sync] Loading: Bookmarks
2025-05-15 19:31:19.875: [INFO][Sync] Loading: Preferences
2025-05-15 19:31:19.875: [INFO][Sync] Loading: Extensions
2025-05-15 19:31:19.875: [INFO][Sync] Loading: Sessions
2025-05-15 19:31:19.875: [INFO][Sync] Loading: Extension settings
2025-05-15 19:31:19.875: [INFO][Sync] Loading: History Delete Directives
2025-05-15 19:31:19.875: [INFO][Sync] Loading: Device Info
2025-05-15 19:31:19.876: [INFO][Sync] Loading: User Consents
2025-05-15 19:31:19.876: [INFO][Sync] Loading: Send Tab To Self
2025-05-15 19:31:19.876: [INFO][Sync] Loading: Web Apps
2025-05-15 19:31:19.876: [INFO][Sync] Loading: History
2025-05-15 19:31:19.876: [INFO][Sync] Loading: Saved Tab Group
2025-05-15 19:31:19.876: [INFO][Sync] Loading: Collection
2025-05-15 19:31:19.876: [INFO][Sync] Loading: Edge E Drop
2025-05-15 19:31:19.876: [INFO][Sync] Loading: Edge Hub App Usage
2025-05-15 19:31:19.876: [INFO][Sync] Loading: Edge Tab Group
2025-05-15 19:31:19.876: [INFO][Sync] Loading: Edge Wallet
2025-05-15 19:31:19.886: [INFO][Sync] All data types are ready for configure.
2025-05-15 19:31:20.745: [INFO][Sync] Started DataTypeManager configuration, reason: 5
2025-05-15 19:31:20.745: [INFO][Sync] Configuring for: Bookmarks, Preferences, Passwords, Autofill Profiles, Autofill, Extensions, Sessions, Extension settings, History Delete Directives, Device Info, User Consents, Send Tab To Self, Web Apps, History, Saved Tab Group, Collection, Edge E Drop, Edge Hub App Usage, Edge Tab Group, Edge Wallet, Encryption Keys, reason: 5, current state: 1
2025-05-15 19:31:20.750: [INFO][SyncEngineBackend::DoStartConfiguration] Start configuration
2025-05-15 19:31:20.750: [INFO][SyncManagerImpl::ConfigureSyncer] Types to download:  with reason: 4
2025-05-15 19:31:20.750: [INFO][SyncEngineBackend::DoFinishConfigureDataTypes] Failed to download types:  and succeeded types: 
2025-05-15 19:31:20.750: [INFO][Sync] ConfigurationDone, failed: , succeeded: , remaining count: 4
2025-05-15 19:31:20.750: [WARN][Sync]     Reconfigure requested while configuration ongoing.
2025-05-15 19:31:20.750: [INFO][Sync] Configuring for: Bookmarks, Preferences, Passwords, Autofill Profiles, Autofill, Extensions, Sessions, Extension settings, History Delete Directives, Device Info, User Consents, Send Tab To Self, Web Apps, History, Saved Tab Group, Collection, Edge E Drop, Edge Hub App Usage, Edge Tab Group, Edge Wallet, Encryption Keys, reason: 5, current state: 2
2025-05-15 19:31:20.750: [INFO][Sync] Configure, desired: Bookmarks, Preferences, Passwords, Autofill Profiles, Autofill, Extensions, Sessions, Extension settings, History Delete Directives, Device Info, User Consents, Send Tab To Self, Web Apps, History, Saved Tab Group, Collection, Edge E Drop, Edge Hub App Usage, Edge Tab Group, Edge Wallet, Encryption Keys; Allow fail: 
2025-05-15 19:31:20.750: [INFO][Sync] Loading: Passwords
2025-05-15 19:31:20.750: [INFO][Sync] Loading: Autofill Profiles
2025-05-15 19:31:20.750: [INFO][Sync] Loading: Autofill
2025-05-15 19:31:20.751: [INFO][Sync] All data types are ready for configure.
2025-05-15 19:31:20.751: [INFO][SyncManagerImpl::ConfigureSyncer] Types to download:  with reason: 5
2025-05-15 19:31:20.751: [INFO][SyncEngineBackend::DoFinishConfigureDataTypes] Failed to download types:  and succeeded types: 
2025-05-15 19:31:20.751: [INFO][Sync] ConfigurationDone, failed: , succeeded: , remaining count: 4
2025-05-15 19:31:20.751: [INFO][SyncManagerImpl::ConfigureSyncer] Types to download:  with reason: 5
2025-05-15 19:31:20.751: [INFO][SyncEngineBackend::DoFinishConfigureDataTypes] Failed to download types:  and succeeded types: 
2025-05-15 19:31:20.751: [INFO][Sync] ConfigurationDone, failed: , succeeded: , remaining count: 3
2025-05-15 19:31:20.751: [INFO][SyncManagerImpl::ConfigureSyncer] Types to download:  with reason: 5
2025-05-15 19:31:20.751: [INFO][SyncEngineBackend::DoFinishConfigureDataTypes] Failed to download types:  and succeeded types: 
2025-05-15 19:31:20.751: [INFO][Sync] ConfigurationDone, failed: , succeeded: , remaining count: 2
2025-05-15 19:31:20.751: [INFO][SyncManagerImpl::ConfigureSyncer] Types to download:  with reason: 5
2025-05-15 19:31:20.751: [INFO][SyncEngineBackend::DoFinishConfigureDataTypes] Failed to download types:  and succeeded types: 
2025-05-15 19:31:20.751: [INFO][Sync] ConfigurationDone, failed: , succeeded: , remaining count: 1
2025-05-15 19:31:20.753: [INFO][SyncManagerImpl::ConfigureSyncer] Types to download:  with reason: 5
2025-05-15 19:31:20.753: [INFO][SyncEngineBackend::DoFinishConfigureDataTypes] Failed to download types:  and succeeded types: 
2025-05-15 19:31:20.753: [INFO][Sync] ConfigurationDone, failed: , succeeded: , remaining count: 0
2025-05-15 19:31:20.755: [INFO][Sync]     Configuration completed, state: 7
2025-05-15 19:31:20.755: [INFO][Sync] Configured DataTypeManager: Ok
2025-05-15 19:31:20.758: [INFO][SyncEngineBackend::DoStartSyncing] Start syncing
2025-05-15 19:39:29.912: [INFO][Sync] SyncState after authenticated was: FeatureCanStart
2025-05-15 19:39:30.271: [INFO][Sync] Try to start sync engine
2025-05-15 19:39:30.272: [INFO][SyncManagerImpl::NudgeForInitialDownload] Initial download nudge for Encryption Keys
2025-05-15 19:39:30.272: [INFO][SyncEngineBackend::LoadAndConnectNigoriController] Load and connect Nigori controller
2025-05-15 19:39:30.272: [INFO][SyncEngineBackend::DoInitialize] Control Types added: Encryption Keys
2025-05-15 19:39:30.273: [INFO][SyncManagerImpl::ConfigureSyncer] Types to download: Encryption Keys with reason: 3
2025-05-15 19:39:30.273: [INFO][SyncSchedulerImpl::DoConfigurationSyncCycleJob] Configure job was blocked
2025-05-15 19:39:30.323: [INFO][SyncAuthManager::SetLastAuthError] Current auth error: None
2025-05-15 19:39:30.323: [INFO][SyncAuthManager::EdgeLogTokenErrorState] Token error with: None for account type: MSA
2025-05-15 19:39:30.323: [INFO][Sync] Credentials changed for: EdgeSyncScopeNew
2025-05-15 19:39:31.578: [INFO][SyncAuthManager::SetLastAuthError] Current auth error: None
2025-05-15 19:39:31.578: [INFO][SyncAuthManager::EdgeLogTokenErrorState] Token error with: None for account type: MSA
2025-05-15 19:39:31.578: [INFO][Sync] Credentials changed for: EdgeSyncKeyDataScope
2025-05-15 19:39:31.578: [INFO][SyncEngineBackend::DoUpdateKeyDataCredentials] Update key data credentials
2025-05-15 19:39:31.578: [INFO][SyncEngineBackend::DoUpdateCredentials] Update credentials
2025-05-15 19:39:31.578: [INFO][SyncSchedulerImpl::DoConfigurationSyncCycleJob] Blocked types:  and types to download: Encryption Keys
2025-05-15 19:39:32.589: [INFO][Sync] Started DataTypeManager configuration, reason: 4
2025-05-15 19:39:32.589: [INFO][Sync] Configuring for: Bookmarks, Preferences, Passwords, Autofill Profiles, Autofill, Extensions, Sessions, Extension settings, History Delete Directives, Device Info, User Consents, Send Tab To Self, Web Apps, History, Saved Tab Group, Collection, Edge E Drop, Edge Hub App Usage, Edge Tab Group, Edge Wallet, Encryption Keys, reason: 4, current state: 0
2025-05-15 19:39:32.589: [WARN][Sync] Crypto error data types: Passwords, Autofill Profiles, Autofill
2025-05-15 19:39:32.590: [INFO][Sync] Configure, desired: Bookmarks, Preferences, Extensions, Sessions, Extension settings, History Delete Directives, Device Info, User Consents, Send Tab To Self, Web Apps, History, Saved Tab Group, Collection, Edge E Drop, Edge Hub App Usage, Edge Tab Group, Edge Wallet, Encryption Keys; Allow fail: Passwords, Autofill Profiles, Autofill
2025-05-15 19:39:32.590: [INFO][Sync] Loading: Bookmarks
2025-05-15 19:39:32.590: [INFO][Sync] Loading: Preferences
2025-05-15 19:39:32.590: [INFO][Sync] Loading: Extensions
2025-05-15 19:39:32.590: [INFO][Sync] Loading: Sessions
2025-05-15 19:39:32.590: [INFO][Sync] Loading: Extension settings
2025-05-15 19:39:32.590: [INFO][Sync] Loading: History Delete Directives
2025-05-15 19:39:32.590: [INFO][Sync] Loading: Device Info
2025-05-15 19:39:32.590: [INFO][Sync] Loading: User Consents
2025-05-15 19:39:32.590: [INFO][Sync] Loading: Send Tab To Self
2025-05-15 19:39:32.591: [INFO][Sync] Loading: Web Apps
2025-05-15 19:39:32.591: [INFO][Sync] Loading: History
2025-05-15 19:39:32.591: [INFO][Sync] Loading: Saved Tab Group
2025-05-15 19:39:32.591: [INFO][Sync] Loading: Collection
2025-05-15 19:39:32.591: [INFO][Sync] Loading: Edge E Drop
2025-05-15 19:39:32.591: [INFO][Sync] Loading: Edge Hub App Usage
2025-05-15 19:39:32.591: [INFO][Sync] Loading: Edge Tab Group
2025-05-15 19:39:32.591: [INFO][Sync] Loading: Edge Wallet
2025-05-15 19:39:32.593: [INFO][Sync] All data types are ready for configure.
2025-05-15 19:39:33.347: [INFO][Sync] Started DataTypeManager configuration, reason: 5
2025-05-15 19:39:33.347: [INFO][Sync] Configuring for: Bookmarks, Preferences, Passwords, Autofill Profiles, Autofill, Extensions, Sessions, Extension settings, History Delete Directives, Device Info, User Consents, Send Tab To Self, Web Apps, History, Saved Tab Group, Collection, Edge E Drop, Edge Hub App Usage, Edge Tab Group, Edge Wallet, Encryption Keys, reason: 5, current state: 1
2025-05-15 19:39:33.352: [INFO][SyncEngineBackend::DoStartConfiguration] Start configuration
2025-05-15 19:39:33.352: [INFO][SyncManagerImpl::ConfigureSyncer] Types to download:  with reason: 4
2025-05-15 19:39:33.352: [INFO][SyncEngineBackend::DoFinishConfigureDataTypes] Failed to download types:  and succeeded types: 
2025-05-15 19:39:33.352: [INFO][Sync] ConfigurationDone, failed: , succeeded: , remaining count: 4
2025-05-15 19:39:33.352: [WARN][Sync]     Reconfigure requested while configuration ongoing.
2025-05-15 19:39:33.352: [INFO][Sync] Configuring for: Bookmarks, Preferences, Passwords, Autofill Profiles, Autofill, Extensions, Sessions, Extension settings, History Delete Directives, Device Info, User Consents, Send Tab To Self, Web Apps, History, Saved Tab Group, Collection, Edge E Drop, Edge Hub App Usage, Edge Tab Group, Edge Wallet, Encryption Keys, reason: 5, current state: 2
2025-05-15 19:39:33.352: [INFO][Sync] Configure, desired: Bookmarks, Preferences, Passwords, Autofill Profiles, Autofill, Extensions, Sessions, Extension settings, History Delete Directives, Device Info, User Consents, Send Tab To Self, Web Apps, History, Saved Tab Group, Collection, Edge E Drop, Edge Hub App Usage, Edge Tab Group, Edge Wallet, Encryption Keys; Allow fail: 
2025-05-15 19:39:33.353: [INFO][Sync] Loading: Passwords
2025-05-15 19:39:33.353: [INFO][Sync] Loading: Autofill Profiles
2025-05-15 19:39:33.353: [INFO][Sync] Loading: Autofill
2025-05-15 19:39:33.353: [INFO][Sync] All data types are ready for configure.
2025-05-15 19:39:33.353: [INFO][SyncManagerImpl::ConfigureSyncer] Types to download:  with reason: 5
2025-05-15 19:39:33.353: [INFO][SyncEngineBackend::DoFinishConfigureDataTypes] Failed to download types:  and succeeded types: 
2025-05-15 19:39:33.353: [INFO][Sync] ConfigurationDone, failed: , succeeded: , remaining count: 4
2025-05-15 19:39:33.353: [INFO][SyncManagerImpl::ConfigureSyncer] Types to download:  with reason: 5
2025-05-15 19:39:33.353: [INFO][SyncEngineBackend::DoFinishConfigureDataTypes] Failed to download types:  and succeeded types: 
2025-05-15 19:39:33.353: [INFO][Sync] ConfigurationDone, failed: , succeeded: , remaining count: 3
2025-05-15 19:39:33.353: [INFO][SyncManagerImpl::ConfigureSyncer] Types to download:  with reason: 5
2025-05-15 19:39:33.353: [INFO][SyncEngineBackend::DoFinishConfigureDataTypes] Failed to download types:  and succeeded types: 
2025-05-15 19:39:33.353: [INFO][Sync] ConfigurationDone, failed: , succeeded: , remaining count: 2
2025-05-15 19:39:33.353: [INFO][SyncManagerImpl::ConfigureSyncer] Types to download:  with reason: 5
2025-05-15 19:39:33.353: [INFO][SyncEngineBackend::DoFinishConfigureDataTypes] Failed to download types:  and succeeded types: 
2025-05-15 19:39:33.353: [INFO][Sync] ConfigurationDone, failed: , succeeded: , remaining count: 1
2025-05-15 19:39:33.354: [INFO][SyncManagerImpl::ConfigureSyncer] Types to download:  with reason: 5
2025-05-15 19:39:33.354: [INFO][SyncEngineBackend::DoFinishConfigureDataTypes] Failed to download types:  and succeeded types: 
2025-05-15 19:39:33.354: [INFO][Sync] ConfigurationDone, failed: , succeeded: , remaining count: 0
2025-05-15 19:39:33.355: [INFO][Sync]     Configuration completed, state: 7
2025-05-15 19:39:33.356: [INFO][Sync] Configured DataTypeManager: Ok
2025-05-15 19:39:33.357: [INFO][SyncEngineBackend::DoStartSyncing] Start syncing
2025-05-15 19:43:04.952: [INFO][Sync] Reset engine, reason: 0
2025-05-15 19:43:04.952: [INFO][Sync] Reset engine with reason: 0
